[31m2024-04-21 20:50:33,180[0;39m [32m[INFO][0;39m com.payment.webservice.WebserviceApplication restartedMain [32mStarting WebserviceApplication using Java 1.8.0_292 on WPF45D05X with PID 26464 (C:\DLTE-JAVA-FULL-STACK-SANATHKUMARSJ-2024\DLTE-PROJECT\PAYMENT_WEBSERVICE\target\classes started by xxsjjjjs in C:\DLTE-JAVA-FULL-STACK-SANATHKUMARSJ-2024\DLTE-PROJECT\PAYMENT_WEBSERVICE)
[0;39m[31m2024-04-21 20:50:33,180[0;39m [32m[INFO][0;39m com.payment.webservice.WebserviceApplication restartedMain [32mNo active profile set, falling back to 1 default profile: "default"
[0;39m[31m2024-04-21 20:50:33,258[0;39m [32m[INFO][0;39m org.springframework.boot.devtools.restart.ChangeableUrls restartedMain [32mThe Class-Path manifest attribute in C:\Users\xxsjjjjs\.m2\repository\com\oracle\database\security\oraclepki\21.5.0.0\oraclepki-21.5.0.0.jar referenced one or more files that do not exist: file:/C:/Users/xxsjjjjs/.m2/repository/com/oracle/database/security/oraclepki/21.5.0.0/osdt_core.jar,file:/C:/Users/xxsjjjjs/.m2/repository/com/oracle/database/security/oraclepki/21.5.0.0/osdt_cert.jar,file:/C:/Users/xxsjjjjs/.m2/repository/com/oracle/database/security/oraclepki/oracle.osdt/osdt_core.jar,file:/C:/Users/xxsjjjjs/.m2/repository/com/oracle/database/security/oraclepki/oracle.osdt/osdt_cert.jar
[0;39m[31m2024-04-21 20:50:33,258[0;39m [32m[INFO][0;39m org.springframework.boot.devtools.env.DevToolsPropertyDefaultsPostProcessor restartedMain [32mDevtools property defaults active! Set 'spring.devtools.add-properties' to 'false' to disable
[0;39m[31m2024-04-21 20:50:33,258[0;39m [32m[INFO][0;39m org.springframework.boot.devtools.env.DevToolsPropertyDefaultsPostProcessor restartedMain [32mFor additional web related logging consider setting the 'logging.level.web' property to 'DEBUG'
[0;39m[31m2024-04-21 20:50:34,625[0;39m [32m[INFO][0;39m org.springframework.data.repository.config.RepositoryConfigurationDelegate restartedMain [32mBootstrapping Spring Data JDBC repositories in DEFAULT mode.
[0;39m[31m2024-04-21 20:50:34,641[0;39m [32m[INFO][0;39m org.springframework.data.repository.config.RepositoryConfigurationDelegate restartedMain [32mFinished Spring Data repository scanning in 13 ms. Found 0 JDBC repository interfaces.
[0;39m[31m2024-04-21 20:50:34,940[0;39m [32m[INFO][0;39m org.springframework.context.support.PostProcessorRegistrationDelegate$BeanPostProcessorChecker restartedMain [32mBean 'org.springframework.ws.config.annotation.DelegatingWsConfiguration' of type [org.springframework.ws.config.annotation.DelegatingWsConfiguration$$EnhancerBySpringCGLIB$$e6a8a393] is not eligible for getting processed by all BeanPostProcessors (for example: not eligible for auto-proxying)
[0;39m[31m2024-04-21 20:50:35,033[0;39m [32m[INFO][0;39m org.springframework.ws.soap.addressing.server.AnnotationActionEndpointMapping restartedMain [32mSupporting [WS-Addressing August 2004, WS-Addressing 1.0]
[0;39m[31m2024-04-21 20:50:35,567[0;39m [32m[INFO][0;39m org.springframework.boot.web.embedded.tomcat.TomcatWebServer restartedMain [32mTomcat initialized with port(s): 8082 (http)
[0;39m[31m2024-04-21 20:50:35,567[0;39m [32m[INFO][0;39m org.apache.catalina.core.StandardService restartedMain [32mStarting service [Tomcat]
[0;39m[31m2024-04-21 20:50:35,583[0;39m [32m[INFO][0;39m org.apache.catalina.core.StandardEngine restartedMain [32mStarting Servlet engine: [Apache Tomcat/9.0.73]
[0;39m[31m2024-04-21 20:50:35,756[0;39m [32m[INFO][0;39m org.apache.catalina.core.ContainerBase.[Tomcat].[localhost].[/] restartedMain [32mInitializing Spring embedded WebApplicationContext
[0;39m[31m2024-04-21 20:50:35,756[0;39m [32m[INFO][0;39m org.springframework.boot.web.servlet.context.ServletWebServerApplicationContext restartedMain [32mRoot WebApplicationContext: initialization completed in 2498 ms
[0;39m[31m2024-04-21 20:50:36,306[0;39m [32m[INFO][0;39m org.springframework.security.web.DefaultSecurityFilterChain restartedMain [32mWill secure any request with [org.springframework.security.web.session.DisableEncodeUrlFilter@30faa194, org.springframework.security.web.context.request.async.WebAsyncManagerIntegrationFilter@44d13932, org.springframework.security.web.context.SecurityContextPersistenceFilter@6e64f8b, org.springframework.security.web.header.HeaderWriterFilter@46c41b3f, org.springframework.web.filter.CorsFilter@251bec0c, org.springframework.security.web.authentication.logout.LogoutFilter@65558a76, org.springframework.security.web.authentication.UsernamePasswordAuthenticationFilter@4906a348, org.springframework.security.web.authentication.ui.DefaultLoginPageGeneratingFilter@6f325c45, org.springframework.security.web.authentication.ui.DefaultLogoutPageGeneratingFilter@1f6f6405, org.springframework.security.web.authentication.www.BasicAuthenticationFilter@7f72e77, org.springframework.security.web.savedrequest.RequestCacheAwareFilter@c242ef6, org.springframework.security.web.servletapi.SecurityContextHolderAwareRequestFilter@3570588c, org.springframework.security.web.authentication.AnonymousAuthenticationFilter@7afc907d, org.springframework.security.web.session.SessionManagementFilter@5d6813cd, org.springframework.security.web.access.ExceptionTranslationFilter@4791bf3d, org.springframework.security.web.access.intercept.FilterSecurityInterceptor@36d3cdd7]
[0;39m[31m2024-04-21 20:50:37,124[0;39m [32m[INFO][0;39m com.zaxxer.hikari.HikariDataSource restartedMain [32mHikariPool-1 - Starting...
[0;39m[31m2024-04-21 20:50:37,124[0;39m [32m[WARN][0;39m com.zaxxer.hikari.util.DriverDataSource restartedMain [32mRegistered driver with driverClassName=oracle.jdbc.driver.OracleDriver was not found, trying direct instantiation.
[0;39m[31m2024-04-21 20:50:37,329[0;39m [32m[INFO][0;39m com.zaxxer.hikari.pool.PoolBase restartedMain [32mHikariPool-1 - Driver does not support get/set network timeout for connections. (oracle.jdbc.driver.T4CConnection.getNetworkTimeout()I)
[0;39m[31m2024-04-21 20:50:37,329[0;39m [32m[INFO][0;39m com.zaxxer.hikari.HikariDataSource restartedMain [32mHikariPool-1 - Start completed.
[0;39m[31m2024-04-21 20:50:37,548[0;39m [32m[INFO][0;39m org.springframework.boot.devtools.autoconfigure.OptionalLiveReloadServer restartedMain [32mLiveReload server is running on port 35729
[0;39m[31m2024-04-21 20:50:37,597[0;39m [32m[INFO][0;39m org.springframework.boot.web.embedded.tomcat.TomcatWebServer restartedMain [32mTomcat started on port(s): 8082 (http) with context path ''
[0;39m[31m2024-04-21 20:50:37,613[0;39m [32m[INFO][0;39m com.payment.webservice.WebserviceApplication restartedMain [32mStarted WebserviceApplication in 5.467 seconds (JVM running for 6.77)
[0;39m[31m2024-04-21 20:50:56,114[0;39m [32m[INFO][0;39m org.apache.catalina.core.ContainerBase.[Tomcat].[localhost].[/] http-nio-8082-exec-1 [32mInitializing Spring DispatcherServlet 'dispatcherServlet'
[0;39m[31m2024-04-21 20:50:56,114[0;39m [32m[INFO][0;39m org.springframework.web.servlet.DispatcherServlet http-nio-8082-exec-1 [32mInitializing Servlet 'dispatcherServlet'
[0;39m[31m2024-04-21 20:50:56,130[0;39m [32m[INFO][0;39m org.springframework.web.servlet.DispatcherServlet http-nio-8082-exec-1 [32mCompleted initialization in 16 ms
[0;39m[31m2024-04-21 21:52:31,749[0;39m [32m[WARN][0;39m com.zaxxer.hikari.pool.HikariPool HikariPool-1 housekeeper [32mHikariPool-1 - Thread starvation or clock leap detected (housekeeper delta=5m53s358ms256µs500ns).
[0;39m[31m2024-04-21 22:09:34,063[0;39m [32m[WARN][0;39m org.springframework.web.servlet.mvc.method.annotation.ExceptionHandlerExceptionResolver http-nio-8082-exec-5 [32mResolved [org.springframework.web.bind.MethodArgumentNotValidException: Validation failed for argument [0] in public org.springframework.http.ResponseEntity<java.lang.String> com.payment.webservice.controller.MyController.newPayee(com.paymentdao.payment.entity.Payee): [Field error in object 'payee' on field 'payeeAccountNumber': rejected value [null]; codes [NotNull.payee.payeeAccountNumber,NotNull.payeeAccountNumber,NotNull.java.lang.Long,NotNull]; arguments [org.springframework.context.support.DefaultMessageSourceResolvable: codes [payee.payeeAccountNumber,payeeAccountNumber]; arguments []; default message [payeeAccountNumber]]; default message [must not be null]] ]
[0;39m[31m2024-04-21 22:29:18,458[0;39m [32m[INFO][0;39m org.apache.catalina.core.ContainerBase.[Tomcat].[localhost].[/] http-nio-8082-exec-1 [32mInitializing Spring MessageDispatcherServlet 'messageDispatcherServlet'
[0;39m[31m2024-04-21 22:29:18,460[0;39m [32m[INFO][0;39m org.springframework.ws.transport.http.MessageDispatcherServlet http-nio-8082-exec-1 [32mInitializing Servlet 'messageDispatcherServlet'
[0;39m[31m2024-04-21 22:29:18,483[0;39m [32m[INFO][0;39m org.springframework.ws.soap.saaj.SaajSoapMessageFactory http-nio-8082-exec-1 [32mCreating SAAJ 1.3 MessageFactory with SOAP 1.1 Protocol
[0;39m[31m2024-04-21 22:29:18,562[0;39m [32m[INFO][0;39m org.springframework.ws.transport.http.MessageDispatcherServlet http-nio-8082-exec-1 [32mCompleted initialization in 101 ms
[0;39m[31m2024-04-21 22:29:19,162[0;39m [32m[INFO][0;39m com.paymentdao.payment.service.PaymentTransferImplementation http-nio-8082-exec-2 [32mPayee found with given account number
[0;39m[31m2024-04-21 22:29:19,176[0;39m [32m[INFO][0;39m com.payment.webservice.configuration.SoapPhase http-nio-8082-exec-2 [32mPayee record fetched successfully
[0;39m[31m2024-04-21 22:30:06,804[0;39m [32m[INFO][0;39m com.paymentdao.payment.service.PaymentTransferImplementation http-nio-8082-exec-4 [32mPayee found with given account number
[0;39m[31m2024-04-21 22:30:06,804[0;39m [32m[INFO][0;39m com.payment.webservice.configuration.SoapPhase http-nio-8082-exec-4 [32mPayee record fetched successfully
[0;39m[31m2024-04-21 22:30:18,350[0;39m [32m[ERROR][0;39m com.paymentdao.payment.service.PaymentTransferImplementation http-nio-8082-exec-7 [32mPayee account already exists with sender account
[0;39m[31m2024-04-21 22:30:18,357[0;39m [32m[ERROR][0;39m com.payment.webservice.controller.MyController http-nio-8082-exec-7 [32mpayee.not.okPayee account already exists with sender account
[0;39m[31m2024-04-21 22:43:20,829[0;39m [32m[INFO][0;39m com.paymentdao.payment.service.PaymentTransferImplementation http-nio-8082-exec-5 [32mPayee found with given account number
[0;39m[31m2024-04-21 22:43:20,829[0;39m [32m[INFO][0;39m com.payment.webservice.configuration.SoapPhase http-nio-8082-exec-5 [32mPayee record fetched successfully
[0;39m[31m2024-04-21 22:47:00,684[0;39m [32m[INFO][0;39m com.paymentdao.payment.service.PaymentTransferImplementation http-nio-8082-exec-6 [32mPayee found with given account number
[0;39m[31m2024-04-21 22:47:00,684[0;39m [32m[INFO][0;39m com.payment.webservice.configuration.SoapPhase http-nio-8082-exec-6 [32mPayee record fetched successfully
[0;39m[31m2024-04-21 22:47:30,485[0;39m [32m[INFO][0;39m com.paymentdao.payment.service.PaymentTransferImplementation http-nio-8082-exec-5 [32mPayee found with given account number
[0;39m[31m2024-04-21 22:47:30,485[0;39m [32m[INFO][0;39m com.payment.webservice.configuration.SoapPhase http-nio-8082-exec-5 [32mPayee record fetched successfully
[0;39m