[31m2024-04-23 21:55:02,299[0;39m [32m[INFO][0;39m com.payment.webservice.WebserviceApplication restartedMain [32mStarting WebserviceApplication using Java 1.8.0_292 on WPF45D05X with PID 8304 (started by xxsjjjjs in C:\DLTE-JAVA-FULL-STACK-SANATHKUMARSJ-2024\DLTE-PROJECT\PAYMENT_WEBSERVICE)
[0;39m[31m2024-04-23 21:55:02,315[0;39m [32m[INFO][0;39m com.payment.webservice.WebserviceApplication restartedMain [32mNo active profile set, falling back to 1 default profile: "default"
[0;39m[31m2024-04-23 21:55:02,536[0;39m [32m[INFO][0;39m org.springframework.data.repository.config.RepositoryConfigurationDelegate restartedMain [32mBootstrapping Spring Data JDBC repositories in DEFAULT mode.
[0;39m[31m2024-04-23 21:55:02,536[0;39m [32m[INFO][0;39m org.springframework.data.repository.config.RepositoryConfigurationDelegate restartedMain [32mFinished Spring Data repository scanning in 1 ms. Found 0 JDBC repository interfaces.
[0;39m[31m2024-04-23 21:55:02,630[0;39m [32m[INFO][0;39m org.springframework.context.support.PostProcessorRegistrationDelegate$BeanPostProcessorChecker restartedMain [32mBean 'org.springframework.ws.config.annotation.DelegatingWsConfiguration' of type [org.springframework.ws.config.annotation.DelegatingWsConfiguration$$EnhancerBySpringCGLIB$$fc4d312] is not eligible for getting processed by all BeanPostProcessors (for example: not eligible for auto-proxying)
[0;39m[31m2024-04-23 21:55:02,630[0;39m [32m[INFO][0;39m org.springframework.ws.soap.addressing.server.AnnotationActionEndpointMapping restartedMain [32mSupporting [WS-Addressing August 2004, WS-Addressing 1.0]
[0;39m[31m2024-04-23 21:55:02,725[0;39m [32m[INFO][0;39m org.springframework.boot.web.embedded.tomcat.TomcatWebServer restartedMain [32mTomcat initialized with port(s): 8082 (http)
[0;39m[31m2024-04-23 21:55:02,725[0;39m [32m[INFO][0;39m org.apache.catalina.core.StandardService restartedMain [32mStarting service [Tomcat]
[0;39m[31m2024-04-23 21:55:02,725[0;39m [32m[INFO][0;39m org.apache.catalina.core.StandardEngine restartedMain [32mStarting Servlet engine: [Apache Tomcat/9.0.73]
[0;39m[31m2024-04-23 21:55:02,756[0;39m [32m[INFO][0;39m org.apache.catalina.core.ContainerBase.[Tomcat].[localhost].[/] restartedMain [32mInitializing Spring embedded WebApplicationContext
[0;39m[31m2024-04-23 21:55:02,756[0;39m [32m[INFO][0;39m org.springframework.boot.web.servlet.context.ServletWebServerApplicationContext restartedMain [32mRoot WebApplicationContext: initialization completed in 439 ms
[0;39m[31m2024-04-23 21:55:03,149[0;39m [32m[INFO][0;39m com.zaxxer.hikari.HikariDataSource restartedMain [32mHikariPool-2 - Starting...
[0;39m[31m2024-04-23 21:55:03,149[0;39m [32m[WARN][0;39m com.zaxxer.hikari.util.DriverDataSource restartedMain [32mRegistered driver with driverClassName=oracle.jdbc.driver.OracleDriver was not found, trying direct instantiation.
[0;39m[31m2024-04-23 21:55:03,181[0;39m [32m[INFO][0;39m com.zaxxer.hikari.pool.PoolBase restartedMain [32mHikariPool-2 - Driver does not support get/set network timeout for connections. (oracle.jdbc.driver.T4CConnection.getNetworkTimeout()I)
[0;39m[31m2024-04-23 21:55:03,184[0;39m [32m[INFO][0;39m com.zaxxer.hikari.HikariDataSource restartedMain [32mHikariPool-2 - Start completed.
[0;39m[31m2024-04-23 21:55:03,218[0;39m [32m[WARN][0;39m org.springframework.boot.autoconfigure.security.servlet.UserDetailsServiceAutoConfiguration restartedMain [32m

Using generated security password: d272674a-3c9b-40c6-a66a-ba773a1612d1

This generated password is for development use only. Your security configuration must be updated before running your application in production.

[0;39m[31m2024-04-23 21:55:03,244[0;39m [32m[INFO][0;39m org.springframework.security.web.DefaultSecurityFilterChain restartedMain [32mWill secure any request with [org.springframework.security.web.session.DisableEncodeUrlFilter@dbb86dd, org.springframework.security.web.context.request.async.WebAsyncManagerIntegrationFilter@453d46fe, org.springframework.security.web.context.SecurityContextPersistenceFilter@74cac3b4, org.springframework.security.web.header.HeaderWriterFilter@4084783f, org.springframework.security.web.csrf.CsrfFilter@222bb01b, org.springframework.security.web.authentication.logout.LogoutFilter@4915a1b6, org.springframework.security.web.authentication.UsernamePasswordAuthenticationFilter@6870a41c, org.springframework.security.web.authentication.ui.DefaultLoginPageGeneratingFilter@42201321, org.springframework.security.web.authentication.ui.DefaultLogoutPageGeneratingFilter@28805a01, org.springframework.security.web.authentication.www.BasicAuthenticationFilter@4132faa7, org.springframework.security.web.savedrequest.RequestCacheAwareFilter@1bf643f5, org.springframework.security.web.servletapi.SecurityContextHolderAwareRequestFilter@78509534, org.springframework.security.web.authentication.AnonymousAuthenticationFilter@7e316a74, org.springframework.security.web.session.SessionManagementFilter@3fd0a35c, org.springframework.security.web.access.ExceptionTranslationFilter@147f7585, org.springframework.security.web.access.intercept.FilterSecurityInterceptor@5e72d79b]
[0;39m[31m2024-04-23 21:55:03,312[0;39m [32m[INFO][0;39m org.springframework.boot.devtools.autoconfigure.OptionalLiveReloadServer restartedMain [32mLiveReload server is running on port 35729
[0;39m[31m2024-04-23 21:55:03,339[0;39m [32m[INFO][0;39m org.springframework.boot.web.embedded.tomcat.TomcatWebServer restartedMain [32mTomcat started on port(s): 8082 (http) with context path ''
[0;39m[31m2024-04-23 21:55:03,339[0;39m [32m[INFO][0;39m com.payment.webservice.WebserviceApplication restartedMain [32mStarted WebserviceApplication in 1.072 seconds (JVM running for 1627.865)
[0;39m[31m2024-04-23 21:55:05,147[0;39m [32m[INFO][0;39m org.springframework.boot.devtools.autoconfigure.LocalDevToolsAutoConfiguration$RestartingClassPathChangeChangedEventListener File Watcher [32mRestarting due to 19 class path changes (19 additions, 0 deletions, 0 modifications)
[0;39m[31m2024-04-23 21:55:05,341[0;39m [32m[INFO][0;39m org.apache.catalina.core.StandardService Thread-25 [32mStopping service [Tomcat]
[0;39m[31m2024-04-23 21:55:05,354[0;39m [32m[INFO][0;39m com.zaxxer.hikari.HikariDataSource Thread-25 [32mHikariPool-2 - Shutdown initiated...
[0;39m[31m2024-04-23 21:55:05,366[0;39m [32m[INFO][0;39m com.zaxxer.hikari.HikariDataSource Thread-25 [32mHikariPool-2 - Shutdown completed.
[0;39m