2024-04-05 12:56:53,690 [INFO] com.paymentdao.payment.PaymentApplicationTests main Starting PaymentApplicationTests using Java 1.8.0_292 on WPF45D05X with PID 20484 (started by xxsjjjjs in C:\DLTE-JAVA-FULL-STACK-SANATHKUMARSJ-2024\DLTE-PROJECT\PAYMENT_DAO)
2024-04-05 12:56:53,690 [INFO] com.paymentdao.payment.PaymentApplicationTests main No active profile set, falling back to 1 default profile: "default"
2024-04-05 12:56:54,508 [INFO] org.springframework.data.repository.config.RepositoryConfigurationDelegate main Bootstrapping Spring Data JDBC repositories in DEFAULT mode.
2024-04-05 12:56:54,547 [INFO] org.springframework.data.repository.config.RepositoryConfigurationDelegate main Finished Spring Data repository scanning in 23 ms. Found 0 JDBC repository interfaces.
2024-04-05 12:56:57,033 [INFO] com.zaxxer.hikari.HikariDataSource main HikariPool-1 - Starting...
2024-04-05 12:56:57,033 [WARN] com.zaxxer.hikari.util.DriverDataSource main Registered driver with driverClassName=oracle.jdbc.driver.OracleDriver was not found, trying direct instantiation.
2024-04-05 12:56:57,523 [INFO] com.zaxxer.hikari.pool.PoolBase main HikariPool-1 - Driver does not support get/set network timeout for connections. (oracle.jdbc.driver.T4CConnection.getNetworkTimeout()I)
2024-04-05 12:56:57,523 [INFO] com.zaxxer.hikari.HikariDataSource main HikariPool-1 - Start completed.
2024-04-05 12:56:57,732 [INFO] com.paymentdao.payment.PaymentApplicationTests main Started PaymentApplicationTests in 4.416 seconds (JVM running for 5.737)
2024-04-05 12:56:58,789 [INFO] ROOT main No payee found with given account number
2024-04-05 12:56:58,882 [INFO] com.zaxxer.hikari.HikariDataSource SpringApplicationShutdownHook HikariPool-1 - Shutdown initiated...
2024-04-05 12:56:58,906 [INFO] com.zaxxer.hikari.HikariDataSource SpringApplicationShutdownHook HikariPool-1 - Shutdown completed.
2024-04-05 14:07:43,237 [INFO] com.paymentdao.payment.PaymentApplicationTests main Starting PaymentApplicationTests using Java 1.8.0_292 on WPF45D05X with PID 6536 (started by xxsjjjjs in C:\DLTE-JAVA-FULL-STACK-SANATHKUMARSJ-2024\DLTE-PROJECT\PAYMENT_DAO)
2024-04-05 14:07:43,253 [INFO] com.paymentdao.payment.PaymentApplicationTests main No active profile set, falling back to 1 default profile: "default"
2024-04-05 14:07:44,151 [INFO] org.springframework.data.repository.config.RepositoryConfigurationDelegate main Bootstrapping Spring Data JDBC repositories in DEFAULT mode.
2024-04-05 14:07:44,169 [INFO] org.springframework.data.repository.config.RepositoryConfigurationDelegate main Finished Spring Data repository scanning in 15 ms. Found 0 JDBC repository interfaces.
2024-04-05 14:07:46,529 [INFO] com.zaxxer.hikari.HikariDataSource main HikariPool-1 - Starting...
2024-04-05 14:07:46,544 [WARN] com.zaxxer.hikari.util.DriverDataSource main Registered driver with driverClassName=oracle.jdbc.driver.OracleDriver was not found, trying direct instantiation.
2024-04-05 14:07:46,921 [INFO] com.zaxxer.hikari.pool.PoolBase main HikariPool-1 - Driver does not support get/set network timeout for connections. (oracle.jdbc.driver.T4CConnection.getNetworkTimeout()I)
2024-04-05 14:07:46,921 [INFO] com.zaxxer.hikari.HikariDataSource main HikariPool-1 - Start completed.
2024-04-05 14:07:47,159 [INFO] com.paymentdao.payment.PaymentApplicationTests main Started PaymentApplicationTests in 4.398 seconds (JVM running for 5.796)
2024-04-05 14:07:48,119 [INFO] ROOT main No payee found with given account number
2024-04-05 14:07:48,214 [INFO] com.zaxxer.hikari.HikariDataSource SpringApplicationShutdownHook HikariPool-1 - Shutdown initiated...
2024-04-05 14:07:48,233 [INFO] com.zaxxer.hikari.HikariDataSource SpringApplicationShutdownHook HikariPool-1 - Shutdown completed.
2024-04-05 14:10:46,905 [INFO] com.paymentdao.payment.PaymentApplicationTests main Starting PaymentApplicationTests using Java 1.8.0_292 on WPF45D05X with PID 2336 (started by xxsjjjjs in C:\DLTE-JAVA-FULL-STACK-SANATHKUMARSJ-2024\DLTE-PROJECT\PAYMENT_DAO)
2024-04-05 14:10:46,905 [INFO] com.paymentdao.payment.PaymentApplicationTests main No active profile set, falling back to 1 default profile: "default"
2024-04-05 14:10:47,674 [INFO] org.springframework.data.repository.config.RepositoryConfigurationDelegate main Bootstrapping Spring Data JDBC repositories in DEFAULT mode.
2024-04-05 14:10:47,690 [INFO] org.springframework.data.repository.config.RepositoryConfigurationDelegate main Finished Spring Data repository scanning in 10 ms. Found 0 JDBC repository interfaces.
2024-04-05 14:10:49,973 [INFO] com.zaxxer.hikari.HikariDataSource main HikariPool-1 - Starting...
2024-04-05 14:10:49,973 [WARN] com.zaxxer.hikari.util.DriverDataSource main Registered driver with driverClassName=oracle.jdbc.driver.OracleDriver was not found, trying direct instantiation.
2024-04-05 14:10:50,416 [INFO] com.zaxxer.hikari.pool.PoolBase main HikariPool-1 - Driver does not support get/set network timeout for connections. (oracle.jdbc.driver.T4CConnection.getNetworkTimeout()I)
2024-04-05 14:10:50,416 [INFO] com.zaxxer.hikari.HikariDataSource main HikariPool-1 - Start completed.
2024-04-05 14:10:50,704 [INFO] com.paymentdao.payment.PaymentApplicationTests main Started PaymentApplicationTests in 4.209 seconds (JVM running for 5.497)
2024-04-05 14:10:51,582 [INFO] ROOT main No payee found with given account number
2024-04-05 14:10:51,630 [INFO] com.zaxxer.hikari.HikariDataSource SpringApplicationShutdownHook HikariPool-1 - Shutdown initiated...
2024-04-05 14:10:51,649 [INFO] com.zaxxer.hikari.HikariDataSource SpringApplicationShutdownHook HikariPool-1 - Shutdown completed.
2024-04-05 14:12:28,204 [INFO] com.paymentdao.payment.PaymentApplicationTests main Starting PaymentApplicationTests using Java 1.8.0_292 on WPF45D05X with PID 18268 (started by xxsjjjjs in C:\DLTE-JAVA-FULL-STACK-SANATHKUMARSJ-2024\DLTE-PROJECT\PAYMENT_DAO)
2024-04-05 14:12:28,204 [INFO] com.paymentdao.payment.PaymentApplicationTests main No active profile set, falling back to 1 default profile: "default"
2024-04-05 14:12:29,214 [INFO] org.springframework.data.repository.config.RepositoryConfigurationDelegate main Bootstrapping Spring Data JDBC repositories in DEFAULT mode.
2024-04-05 14:12:29,233 [INFO] org.springframework.data.repository.config.RepositoryConfigurationDelegate main Finished Spring Data repository scanning in 12 ms. Found 0 JDBC repository interfaces.
2024-04-05 14:12:32,510 [INFO] com.zaxxer.hikari.HikariDataSource main HikariPool-1 - Starting...
2024-04-05 14:12:32,527 [WARN] com.zaxxer.hikari.util.DriverDataSource main Registered driver with driverClassName=oracle.jdbc.driver.OracleDriver was not found, trying direct instantiation.
2024-04-05 14:12:32,984 [INFO] com.zaxxer.hikari.pool.PoolBase main HikariPool-1 - Driver does not support get/set network timeout for connections. (oracle.jdbc.driver.T4CConnection.getNetworkTimeout()I)
2024-04-05 14:12:32,984 [INFO] com.zaxxer.hikari.HikariDataSource main HikariPool-1 - Start completed.
2024-04-05 14:12:33,266 [INFO] com.paymentdao.payment.PaymentApplicationTests main Started PaymentApplicationTests in 5.469 seconds (JVM running for 7.044)
2024-04-05 14:12:34,196 [INFO] ROOT main No payee found with given account number
2024-04-05 14:12:34,289 [INFO] com.zaxxer.hikari.HikariDataSource SpringApplicationShutdownHook HikariPool-1 - Shutdown initiated...
2024-04-05 14:12:34,305 [INFO] com.zaxxer.hikari.HikariDataSource SpringApplicationShutdownHook HikariPool-1 - Shutdown completed.
2024-04-05 14:14:41,985 [INFO] com.paymentdao.payment.PaymentApplicationTests main Starting PaymentApplicationTests using Java 1.8.0_292 on WPF45D05X with PID 16840 (started by xxsjjjjs in C:\DLTE-JAVA-FULL-STACK-SANATHKUMARSJ-2024\DLTE-PROJECT\PAYMENT_DAO)
2024-04-05 14:14:41,985 [INFO] com.paymentdao.payment.PaymentApplicationTests main No active profile set, falling back to 1 default profile: "default"
2024-04-05 14:14:42,740 [INFO] org.springframework.data.repository.config.RepositoryConfigurationDelegate main Bootstrapping Spring Data JDBC repositories in DEFAULT mode.
2024-04-05 14:14:42,761 [INFO] org.springframework.data.repository.config.RepositoryConfigurationDelegate main Finished Spring Data repository scanning in 17 ms. Found 0 JDBC repository interfaces.
2024-04-05 14:14:45,055 [INFO] com.zaxxer.hikari.HikariDataSource main HikariPool-1 - Starting...
2024-04-05 14:14:45,065 [WARN] com.zaxxer.hikari.util.DriverDataSource main Registered driver with driverClassName=oracle.jdbc.driver.OracleDriver was not found, trying direct instantiation.
2024-04-05 14:14:45,432 [INFO] com.zaxxer.hikari.pool.PoolBase main HikariPool-1 - Driver does not support get/set network timeout for connections. (oracle.jdbc.driver.T4CConnection.getNetworkTimeout()I)
2024-04-05 14:14:45,432 [INFO] com.zaxxer.hikari.HikariDataSource main HikariPool-1 - Start completed.
2024-04-05 14:14:45,620 [INFO] com.paymentdao.payment.PaymentApplicationTests main Started PaymentApplicationTests in 4.051 seconds (JVM running for 5.479)
2024-04-05 14:14:46,519 [INFO] ROOT main No payee found with given account number
2024-04-05 14:14:46,567 [INFO] com.zaxxer.hikari.HikariDataSource SpringApplicationShutdownHook HikariPool-1 - Shutdown initiated...
2024-04-05 14:14:46,591 [INFO] com.zaxxer.hikari.HikariDataSource SpringApplicationShutdownHook HikariPool-1 - Shutdown completed.
2024-04-05 14:15:55,732 [INFO] com.paymentdao.payment.PaymentApplicationTests main Starting PaymentApplicationTests using Java 1.8.0_292 on WPF45D05X with PID 10656 (started by xxsjjjjs in C:\DLTE-JAVA-FULL-STACK-SANATHKUMARSJ-2024\DLTE-PROJECT\PAYMENT_DAO)
2024-04-05 14:15:55,762 [INFO] com.paymentdao.payment.PaymentApplicationTests main No active profile set, falling back to 1 default profile: "default"
2024-04-05 14:15:56,626 [INFO] org.springframework.data.repository.config.RepositoryConfigurationDelegate main Bootstrapping Spring Data JDBC repositories in DEFAULT mode.
2024-04-05 14:15:56,631 [INFO] org.springframework.data.repository.config.RepositoryConfigurationDelegate main Finished Spring Data repository scanning in 7 ms. Found 0 JDBC repository interfaces.
2024-04-05 14:15:59,167 [INFO] com.zaxxer.hikari.HikariDataSource main HikariPool-1 - Starting...
2024-04-05 14:15:59,167 [WARN] com.zaxxer.hikari.util.DriverDataSource main Registered driver with driverClassName=oracle.jdbc.driver.OracleDriver was not found, trying direct instantiation.
2024-04-05 14:15:59,715 [INFO] com.zaxxer.hikari.pool.PoolBase main HikariPool-1 - Driver does not support get/set network timeout for connections. (oracle.jdbc.driver.T4CConnection.getNetworkTimeout()I)
2024-04-05 14:15:59,721 [INFO] com.zaxxer.hikari.HikariDataSource main HikariPool-1 - Start completed.
2024-04-05 14:16:00,131 [INFO] com.paymentdao.payment.PaymentApplicationTests main Started PaymentApplicationTests in 4.849 seconds (JVM running for 6.042)
2024-04-05 14:16:01,897 [INFO] ROOT main No payee found with given account number
2024-04-05 14:16:01,960 [INFO] com.zaxxer.hikari.HikariDataSource SpringApplicationShutdownHook HikariPool-1 - Shutdown initiated...
2024-04-05 14:16:01,989 [INFO] com.zaxxer.hikari.HikariDataSource SpringApplicationShutdownHook HikariPool-1 - Shutdown completed.
[31m2024-04-05 14:32:27,380[0;39m [32m[INFO][0;39m com.paymentdao.payment.PaymentApplicationTests main [32mStarting PaymentApplicationTests using Java 1.8.0_292 on WPF45D05X with PID 20316 (started by xxsjjjjs in C:\DLTE-JAVA-FULL-STACK-SANATHKUMARSJ-2024\DLTE-PROJECT\PAYMENT_DAO)
[0;39m[31m2024-04-05 14:32:27,451[0;39m [32m[INFO][0;39m com.paymentdao.payment.PaymentApplicationTests main [32mNo active profile set, falling back to 1 default profile: "default"
[0;39m[31m2024-04-05 14:32:28,261[0;39m [32m[INFO][0;39m org.springframework.data.repository.config.RepositoryConfigurationDelegate main [32mBootstrapping Spring Data JDBC repositories in DEFAULT mode.
[0;39m[31m2024-04-05 14:32:28,294[0;39m [32m[INFO][0;39m org.springframework.data.repository.config.RepositoryConfigurationDelegate main [32mFinished Spring Data repository scanning in 11 ms. Found 0 JDBC repository interfaces.
[0;39m[31m2024-04-05 14:32:30,839[0;39m [32m[INFO][0;39m com.zaxxer.hikari.HikariDataSource main [32mHikariPool-1 - Starting...
[0;39m[31m2024-04-05 14:32:30,848[0;39m [32m[WARN][0;39m com.zaxxer.hikari.util.DriverDataSource main [32mRegistered driver with driverClassName=oracle.jdbc.driver.OracleDriver was not found, trying direct instantiation.
[0;39m[31m2024-04-05 14:32:31,322[0;39m [32m[INFO][0;39m com.zaxxer.hikari.pool.PoolBase main [32mHikariPool-1 - Driver does not support get/set network timeout for connections. (oracle.jdbc.driver.T4CConnection.getNetworkTimeout()I)
[0;39m[31m2024-04-05 14:32:31,329[0;39m [32m[INFO][0;39m com.zaxxer.hikari.HikariDataSource main [32mHikariPool-1 - Start completed.
[0;39m[31m2024-04-05 14:32:31,673[0;39m [32m[INFO][0;39m com.paymentdao.payment.PaymentApplicationTests main [32mStarted PaymentApplicationTests in 4.663 seconds (JVM running for 5.9)
[0;39m[31m2024-04-05 14:32:32,774[0;39m [32m[INFO][0;39m ROOT main [32mNo payee found with given account number
[0;39m[31m2024-04-05 14:32:32,869[0;39m [32m[INFO][0;39m com.zaxxer.hikari.HikariDataSource SpringApplicationShutdownHook [32mHikariPool-1 - Shutdown initiated...
[0;39m[31m2024-04-05 14:32:32,901[0;39m [32m[INFO][0;39m com.zaxxer.hikari.HikariDataSource SpringApplicationShutdownHook [32mHikariPool-1 - Shutdown completed.
[0;39m[31m2024-04-05 14:37:18,207[0;39m [32m[INFO][0;39m com.paymentdao.payment.PaymentApplicationTests main [32mStarting PaymentApplicationTests using Java 1.8.0_292 on WPF45D05X with PID 3740 (started by xxsjjjjs in C:\DLTE-JAVA-FULL-STACK-SANATHKUMARSJ-2024\DLTE-PROJECT\PAYMENT_DAO)
[0;39m[31m2024-04-05 14:37:18,223[0;39m [32m[INFO][0;39m com.paymentdao.payment.PaymentApplicationTests main [32mNo active profile set, falling back to 1 default profile: "default"
[0;39m[31m2024-04-05 14:37:19,009[0;39m [32m[INFO][0;39m org.springframework.data.repository.config.RepositoryConfigurationDelegate main [32mBootstrapping Spring Data JDBC repositories in DEFAULT mode.
[0;39m[31m2024-04-05 14:37:19,024[0;39m [32m[INFO][0;39m org.springframework.data.repository.config.RepositoryConfigurationDelegate main [32mFinished Spring Data repository scanning in 13 ms. Found 0 JDBC repository interfaces.
[0;39m[31m2024-04-05 14:37:21,453[0;39m [32m[INFO][0;39m com.zaxxer.hikari.HikariDataSource main [32mHikariPool-1 - Starting...
[0;39m[31m2024-04-05 14:37:21,465[0;39m [32m[WARN][0;39m com.zaxxer.hikari.util.DriverDataSource main [32mRegistered driver with driverClassName=oracle.jdbc.driver.OracleDriver was not found, trying direct instantiation.
[0;39m[31m2024-04-05 14:37:21,911[0;39m [32m[INFO][0;39m com.zaxxer.hikari.pool.PoolBase main [32mHikariPool-1 - Driver does not support get/set network timeout for connections. (oracle.jdbc.driver.T4CConnection.getNetworkTimeout()I)
[0;39m[31m2024-04-05 14:37:21,926[0;39m [32m[INFO][0;39m com.zaxxer.hikari.HikariDataSource main [32mHikariPool-1 - Start completed.
[0;39m[31m2024-04-05 14:37:22,153[0;39m [32m[INFO][0;39m com.paymentdao.payment.PaymentApplicationTests main [32mStarted PaymentApplicationTests in 4.313 seconds (JVM running for 5.585)
[0;39m[31m2024-04-05 14:37:23,062[0;39m [32m[INFO][0;39m ROOT main [32mNo payee found with given account number ->
[0;39m[31m2024-04-05 14:37:23,157[0;39m [32m[INFO][0;39m com.zaxxer.hikari.HikariDataSource SpringApplicationShutdownHook [32mHikariPool-1 - Shutdown initiated...
[0;39m[31m2024-04-05 14:37:23,172[0;39m [32m[INFO][0;39m com.zaxxer.hikari.HikariDataSource SpringApplicationShutdownHook [32mHikariPool-1 - Shutdown completed.
[0;39m[31m2024-04-05 14:56:36,484[0;39m [32m[INFO][0;39m com.paymentdao.payment.DAOTesting main [32mStarting DAOTesting using Java 1.8.0_292 on WPF45D05X with PID 6412 (started by xxsjjjjs in C:\DLTE-JAVA-FULL-STACK-SANATHKUMARSJ-2024\DLTE-PROJECT\PAYMENT_DAO)
[0;39m[31m2024-04-05 14:56:36,484[0;39m [32m[INFO][0;39m com.paymentdao.payment.DAOTesting main [32mNo active profile set, falling back to 1 default profile: "default"
[0;39m[31m2024-04-05 14:56:37,379[0;39m [32m[INFO][0;39m org.springframework.data.repository.config.RepositoryConfigurationDelegate main [32mBootstrapping Spring Data JDBC repositories in DEFAULT mode.
[0;39m[31m2024-04-05 14:56:37,395[0;39m [32m[INFO][0;39m org.springframework.data.repository.config.RepositoryConfigurationDelegate main [32mFinished Spring Data repository scanning in 12 ms. Found 0 JDBC repository interfaces.
[0;39m[31m2024-04-05 14:56:39,932[0;39m [32m[INFO][0;39m com.zaxxer.hikari.HikariDataSource main [32mHikariPool-1 - Starting...
[0;39m[31m2024-04-05 14:56:39,948[0;39m [32m[WARN][0;39m com.zaxxer.hikari.util.DriverDataSource main [32mRegistered driver with driverClassName=oracle.jdbc.driver.OracleDriver was not found, trying direct instantiation.
[0;39m[31m2024-04-05 14:56:40,378[0;39m [32m[INFO][0;39m com.zaxxer.hikari.pool.PoolBase main [32mHikariPool-1 - Driver does not support get/set network timeout for connections. (oracle.jdbc.driver.T4CConnection.getNetworkTimeout()I)
[0;39m[31m2024-04-05 14:56:40,378[0;39m [32m[INFO][0;39m com.zaxxer.hikari.HikariDataSource main [32mHikariPool-1 - Start completed.
[0;39m[31m2024-04-05 14:56:40,636[0;39m [32m[INFO][0;39m com.paymentdao.payment.DAOTesting main [32mStarted DAOTesting in 4.583 seconds (JVM running for 6.308)
[0;39m[31m2024-04-05 14:56:41,484[0;39m [32m[ERROR][0;39m org.springframework.test.context.TestContextManager main [32mCaught exception while allowing TestExecutionListener [org.springframework.boot.test.mock.mockito.MockitoTestExecutionListener@305ffe9e] to prepare test instance [com.paymentdao.payment.DAOTesting@3711c71c]
[0;39morg.mockito.exceptions.base.MockitoException: 
Cannot instantiate @InjectMocks field named 'paymentTransferImplementation'! Cause: the type 'PaymentTransferRepository' is an interface.
You haven't provided the instance at field declaration so I tried to construct the instance.
Examples of correct usage of @InjectMocks:
   @InjectMocks Service service = new Service();
   @InjectMocks Service service;
   //and... don't forget about some @Mocks for injection :)

	at org.springframework.boot.test.mock.mockito.MockitoTestExecutionListener.initMocks(MockitoTestExecutionListener.java:83)
	at org.springframework.boot.test.mock.mockito.MockitoTestExecutionListener.prepareTestInstance(MockitoTestExecutionListener.java:60)
	at org.springframework.test.context.TestContextManager.prepareTestInstance(TestContextManager.java:248)
	at org.springframework.test.context.junit.jupiter.SpringExtension.postProcessTestInstance(SpringExtension.java:138)
	at org.junit.jupiter.engine.descriptor.ClassBasedTestDescriptor.lambda$invokeTestInstancePostProcessors$8(ClassBasedTestDescriptor.java:363)
	at org.junit.jupiter.engine.descriptor.ClassBasedTestDescriptor.executeAndMaskThrowable(ClassBasedTestDescriptor.java:368)
	at org.junit.jupiter.engine.descriptor.ClassBasedTestDescriptor.lambda$invokeTestInstancePostProcessors$9(ClassBasedTestDescriptor.java:363)
	at java.util.stream.ReferencePipeline$3$1.accept(ReferencePipeline.java:193)
	at java.util.stream.ReferencePipeline$2$1.accept(ReferencePipeline.java:175)
	at java.util.ArrayList$ArrayListSpliterator.forEachRemaining(ArrayList.java:1384)
	at java.util.stream.AbstractPipeline.copyInto(AbstractPipeline.java:482)
	at java.util.stream.AbstractPipeline.wrapAndCopyInto(AbstractPipeline.java:472)
	at java.util.stream.StreamSpliterators$WrappingSpliterator.forEachRemaining(StreamSpliterators.java:313)
	at java.util.stream.Streams$ConcatSpliterator.forEachRemaining(Streams.java:743)
	at java.util.stream.Streams$ConcatSpliterator.forEachRemaining(Streams.java:742)
	at java.util.stream.ReferencePipeline$Head.forEach(ReferencePipeline.java:647)
	at org.junit.jupiter.engine.descriptor.ClassBasedTestDescriptor.invokeTestInstancePostProcessors(ClassBasedTestDescriptor.java:362)
	at org.junit.jupiter.engine.descriptor.ClassBasedTestDescriptor.lambda$instantiateAndPostProcessTestInstance$6(ClassBasedTestDescriptor.java:283)
	at org.junit.platform.engine.support.hierarchical.ThrowableCollector.execute(ThrowableCollector.java:73)
	at org.junit.jupiter.engine.descriptor.ClassBasedTestDescriptor.instantiateAndPostProcessTestInstance(ClassBasedTestDescriptor.java:282)
	at org.junit.jupiter.engine.descriptor.ClassBasedTestDescriptor.lambda$testInstancesProvider$4(ClassBasedTestDescriptor.java:272)
	at java.util.Optional.orElseGet(Optional.java:267)
	at org.junit.jupiter.engine.descriptor.ClassBasedTestDescriptor.lambda$testInstancesProvider$5(ClassBasedTestDescriptor.java:271)
	at org.junit.jupiter.engine.execution.TestInstancesProvider.getTestInstances(TestInstancesProvider.java:31)
	at org.junit.jupiter.engine.descriptor.TestMethodTestDescriptor.lambda$prepare$0(TestMethodTestDescriptor.java:102)
	at org.junit.platform.engine.support.hierarchical.ThrowableCollector.execute(ThrowableCollector.java:73)
	at org.junit.jupiter.engine.descriptor.TestMethodTestDescriptor.prepare(TestMethodTestDescriptor.java:101)
	at org.junit.jupiter.engine.descriptor.TestMethodTestDescriptor.prepare(TestMethodTestDescriptor.java:66)
	at org.junit.platform.engine.support.hierarchical.NodeTestTask.lambda$prepare$2(NodeTestTask.java:123)
	at org.junit.platform.engine.support.hierarchical.ThrowableCollector.execute(ThrowableCollector.java:73)
	at org.junit.platform.engine.support.hierarchical.NodeTestTask.prepare(NodeTestTask.java:123)
	at org.junit.platform.engine.support.hierarchical.NodeTestTask.execute(NodeTestTask.java:90)
	at java.util.ArrayList.forEach(ArrayList.java:1259)
	at org.junit.platform.engine.support.hierarchical.SameThreadHierarchicalTestExecutorService.invokeAll(SameThreadHierarchicalTestExecutorService.java:41)
	at org.junit.platform.engine.support.hierarchical.NodeTestTask.lambda$executeRecursively$6(NodeTestTask.java:155)
	at org.junit.platform.engine.support.hierarchical.ThrowableCollector.execute(ThrowableCollector.java:73)
	at org.junit.platform.engine.support.hierarchical.NodeTestTask.lambda$executeRecursively$8(NodeTestTask.java:141)
	at org.junit.platform.engine.support.hierarchical.Node.around(Node.java:137)
	at org.junit.platform.engine.support.hierarchical.NodeTestTask.lambda$executeRecursively$9(NodeTestTask.java:139)
	at org.junit.platform.engine.support.hierarchical.ThrowableCollector.execute(ThrowableCollector.java:73)
	at org.junit.platform.engine.support.hierarchical.NodeTestTask.executeRecursively(NodeTestTask.java:138)
	at org.junit.platform.engine.support.hierarchical.NodeTestTask.execute(NodeTestTask.java:95)
	at java.util.ArrayList.forEach(ArrayList.java:1259)
	at org.junit.platform.engine.support.hierarchical.SameThreadHierarchicalTestExecutorService.invokeAll(SameThreadHierarchicalTestExecutorService.java:41)
	at org.junit.platform.engine.support.hierarchical.NodeTestTask.lambda$executeRecursively$6(NodeTestTask.java:155)
	at org.junit.platform.engine.support.hierarchical.ThrowableCollector.execute(ThrowableCollector.java:73)
	at org.junit.platform.engine.support.hierarchical.NodeTestTask.lambda$executeRecursively$8(NodeTestTask.java:141)
	at org.junit.platform.engine.support.hierarchical.Node.around(Node.java:137)
	at org.junit.platform.engine.support.hierarchical.NodeTestTask.lambda$executeRecursively$9(NodeTestTask.java:139)
	at org.junit.platform.engine.support.hierarchical.ThrowableCollector.execute(ThrowableCollector.java:73)
	at org.junit.platform.engine.support.hierarchical.NodeTestTask.executeRecursively(NodeTestTask.java:138)
	at org.junit.platform.engine.support.hierarchical.NodeTestTask.execute(NodeTestTask.java:95)
	at org.junit.platform.engine.support.hierarchical.SameThreadHierarchicalTestExecutorService.submit(SameThreadHierarchicalTestExecutorService.java:35)
	at org.junit.platform.engine.support.hierarchical.HierarchicalTestExecutor.execute(HierarchicalTestExecutor.java:57)
	at org.junit.platform.engine.support.hierarchical.HierarchicalTestEngine.execute(HierarchicalTestEngine.java:54)
	at org.junit.platform.launcher.core.EngineExecutionOrchestrator.execute(EngineExecutionOrchestrator.java:107)
	at org.junit.platform.launcher.core.EngineExecutionOrchestrator.execute(EngineExecutionOrchestrator.java:88)
	at org.junit.platform.launcher.core.EngineExecutionOrchestrator.lambda$execute$0(EngineExecutionOrchestrator.java:54)
	at org.junit.platform.launcher.core.EngineExecutionOrchestrator.withInterceptedStreams(EngineExecutionOrchestrator.java:67)
	at org.junit.platform.launcher.core.EngineExecutionOrchestrator.execute(EngineExecutionOrchestrator.java:52)
	at org.junit.platform.launcher.core.DefaultLauncher.execute(DefaultLauncher.java:114)
	at org.junit.platform.launcher.core.DefaultLauncher.execute(DefaultLauncher.java:86)
	at org.junit.platform.launcher.core.DefaultLauncherSession$DelegatingLauncher.execute(DefaultLauncherSession.java:86)
	at org.junit.platform.launcher.core.SessionPerRequestLauncher.execute(SessionPerRequestLauncher.java:53)
	at com.intellij.junit5.JUnit5IdeaTestRunner.startRunnerWithArgs(JUnit5IdeaTestRunner.java:69)
	at com.intellij.rt.junit.IdeaTestRunner$Repeater.startRunnerWithArgs(IdeaTestRunner.java:33)
	at com.intellij.rt.junit.JUnitStarter.prepareStreamsAndStart(JUnitStarter.java:230)
	at com.intellij.rt.junit.JUnitStarter.main(JUnitStarter.java:58)
[31m2024-04-05 14:56:41,522[0;39m [32m[INFO][0;39m com.zaxxer.hikari.HikariDataSource SpringApplicationShutdownHook [32mHikariPool-1 - Shutdown initiated...
[0;39m[31m2024-04-05 14:56:41,534[0;39m [32m[INFO][0;39m com.zaxxer.hikari.HikariDataSource SpringApplicationShutdownHook [32mHikariPool-1 - Shutdown completed.
[0;39m[31m2024-04-05 14:59:12,848[0;39m [32m[INFO][0;39m com.paymentdao.payment.DAOTesting main [32mStarting DAOTesting using Java 1.8.0_292 on WPF45D05X with PID 19236 (started by xxsjjjjs in C:\DLTE-JAVA-FULL-STACK-SANATHKUMARSJ-2024\DLTE-PROJECT\PAYMENT_DAO)
[0;39m[31m2024-04-05 14:59:12,848[0;39m [32m[INFO][0;39m com.paymentdao.payment.DAOTesting main [32mNo active profile set, falling back to 1 default profile: "default"
[0;39m[31m2024-04-05 14:59:13,667[0;39m [32m[INFO][0;39m org.springframework.data.repository.config.RepositoryConfigurationDelegate main [32mBootstrapping Spring Data JDBC repositories in DEFAULT mode.
[0;39m[31m2024-04-05 14:59:13,683[0;39m [32m[INFO][0;39m org.springframework.data.repository.config.RepositoryConfigurationDelegate main [32mFinished Spring Data repository scanning in 9 ms. Found 0 JDBC repository interfaces.
[0;39m[31m2024-04-05 14:59:16,222[0;39m [32m[INFO][0;39m com.zaxxer.hikari.HikariDataSource main [32mHikariPool-1 - Starting...
[0;39m[31m2024-04-05 14:59:16,231[0;39m [32m[WARN][0;39m com.zaxxer.hikari.util.DriverDataSource main [32mRegistered driver with driverClassName=oracle.jdbc.driver.OracleDriver was not found, trying direct instantiation.
[0;39m[31m2024-04-05 14:59:16,601[0;39m [32m[INFO][0;39m com.zaxxer.hikari.pool.PoolBase main [32mHikariPool-1 - Driver does not support get/set network timeout for connections. (oracle.jdbc.driver.T4CConnection.getNetworkTimeout()I)
[0;39m[31m2024-04-05 14:59:16,617[0;39m [32m[INFO][0;39m com.zaxxer.hikari.HikariDataSource main [32mHikariPool-1 - Start completed.
[0;39m[31m2024-04-05 14:59:16,822[0;39m [32m[INFO][0;39m com.paymentdao.payment.DAOTesting main [32mStarted DAOTesting in 4.462 seconds (JVM running for 5.937)
[0;39m[31m2024-04-05 14:59:17,699[0;39m [32m[INFO][0;39m ROOT main [32mNo payee found with given account number ->
[0;39m[31m2024-04-05 14:59:17,746[0;39m [32m[INFO][0;39m com.zaxxer.hikari.HikariDataSource SpringApplicationShutdownHook [32mHikariPool-1 - Shutdown initiated...
[0;39m[31m2024-04-05 14:59:17,759[0;39m [32m[INFO][0;39m com.zaxxer.hikari.HikariDataSource SpringApplicationShutdownHook [32mHikariPool-1 - Shutdown completed.
[0;39m[31m2024-04-05 15:01:33,375[0;39m [32m[INFO][0;39m com.paymentdao.payment.DAOTesting main [32mStarting DAOTesting using Java 1.8.0_292 on WPF45D05X with PID 13000 (started by xxsjjjjs in C:\DLTE-JAVA-FULL-STACK-SANATHKUMARSJ-2024\DLTE-PROJECT\PAYMENT_DAO)
[0;39m[31m2024-04-05 15:01:33,377[0;39m [32m[INFO][0;39m com.paymentdao.payment.DAOTesting main [32mNo active profile set, falling back to 1 default profile: "default"
[0;39m[31m2024-04-05 15:01:34,260[0;39m [32m[INFO][0;39m org.springframework.data.repository.config.RepositoryConfigurationDelegate main [32mBootstrapping Spring Data JDBC repositories in DEFAULT mode.
[0;39m[31m2024-04-05 15:01:34,274[0;39m [32m[INFO][0;39m org.springframework.data.repository.config.RepositoryConfigurationDelegate main [32mFinished Spring Data repository scanning in 8 ms. Found 0 JDBC repository interfaces.
[0;39m[31m2024-04-05 15:01:36,841[0;39m [32m[INFO][0;39m com.zaxxer.hikari.HikariDataSource main [32mHikariPool-1 - Starting...
[0;39m[31m2024-04-05 15:01:36,852[0;39m [32m[WARN][0;39m com.zaxxer.hikari.util.DriverDataSource main [32mRegistered driver with driverClassName=oracle.jdbc.driver.OracleDriver was not found, trying direct instantiation.
[0;39m[31m2024-04-05 15:01:37,221[0;39m [32m[INFO][0;39m com.zaxxer.hikari.pool.PoolBase main [32mHikariPool-1 - Driver does not support get/set network timeout for connections. (oracle.jdbc.driver.T4CConnection.getNetworkTimeout()I)
[0;39m[31m2024-04-05 15:01:37,238[0;39m [32m[INFO][0;39m com.zaxxer.hikari.HikariDataSource main [32mHikariPool-1 - Start completed.
[0;39m[31m2024-04-05 15:01:37,440[0;39m [32m[INFO][0;39m com.paymentdao.payment.DAOTesting main [32mStarted DAOTesting in 4.515 seconds (JVM running for 6.064)
[0;39m[31m2024-04-05 15:01:38,229[0;39m [32m[ERROR][0;39m org.springframework.test.context.TestContextManager main [32mCaught exception while allowing TestExecutionListener [org.springframework.boot.test.mock.mockito.MockitoTestExecutionListener@7ae0a9ec] to prepare test instance [com.paymentdao.payment.DAOTesting@6cc48a17]
[0;39morg.mockito.exceptions.base.MockitoException: 
Cannot instantiate @InjectMocks field named 'paymentTransferImplementation'! Cause: the type 'PaymentTransferRepository' is an interface.
You haven't provided the instance at field declaration so I tried to construct the instance.
Examples of correct usage of @InjectMocks:
   @InjectMocks Service service = new Service();
   @InjectMocks Service service;
   //and... don't forget about some @Mocks for injection :)

	at org.springframework.boot.test.mock.mockito.MockitoTestExecutionListener.initMocks(MockitoTestExecutionListener.java:83)
	at org.springframework.boot.test.mock.mockito.MockitoTestExecutionListener.prepareTestInstance(MockitoTestExecutionListener.java:60)
	at org.springframework.test.context.TestContextManager.prepareTestInstance(TestContextManager.java:248)
	at org.springframework.test.context.junit.jupiter.SpringExtension.postProcessTestInstance(SpringExtension.java:138)
	at org.junit.jupiter.engine.descriptor.ClassBasedTestDescriptor.lambda$invokeTestInstancePostProcessors$8(ClassBasedTestDescriptor.java:363)
	at org.junit.jupiter.engine.descriptor.ClassBasedTestDescriptor.executeAndMaskThrowable(ClassBasedTestDescriptor.java:368)
	at org.junit.jupiter.engine.descriptor.ClassBasedTestDescriptor.lambda$invokeTestInstancePostProcessors$9(ClassBasedTestDescriptor.java:363)
	at java.util.stream.ReferencePipeline$3$1.accept(ReferencePipeline.java:193)
	at java.util.stream.ReferencePipeline$2$1.accept(ReferencePipeline.java:175)
	at java.util.ArrayList$ArrayListSpliterator.forEachRemaining(ArrayList.java:1384)
	at java.util.stream.AbstractPipeline.copyInto(AbstractPipeline.java:482)
	at java.util.stream.AbstractPipeline.wrapAndCopyInto(AbstractPipeline.java:472)
	at java.util.stream.StreamSpliterators$WrappingSpliterator.forEachRemaining(StreamSpliterators.java:313)
	at java.util.stream.Streams$ConcatSpliterator.forEachRemaining(Streams.java:743)
	at java.util.stream.Streams$ConcatSpliterator.forEachRemaining(Streams.java:742)
	at java.util.stream.ReferencePipeline$Head.forEach(ReferencePipeline.java:647)
	at org.junit.jupiter.engine.descriptor.ClassBasedTestDescriptor.invokeTestInstancePostProcessors(ClassBasedTestDescriptor.java:362)
	at org.junit.jupiter.engine.descriptor.ClassBasedTestDescriptor.lambda$instantiateAndPostProcessTestInstance$6(ClassBasedTestDescriptor.java:283)
	at org.junit.platform.engine.support.hierarchical.ThrowableCollector.execute(ThrowableCollector.java:73)
	at org.junit.jupiter.engine.descriptor.ClassBasedTestDescriptor.instantiateAndPostProcessTestInstance(ClassBasedTestDescriptor.java:282)
	at org.junit.jupiter.engine.descriptor.ClassBasedTestDescriptor.lambda$testInstancesProvider$4(ClassBasedTestDescriptor.java:272)
	at java.util.Optional.orElseGet(Optional.java:267)
	at org.junit.jupiter.engine.descriptor.ClassBasedTestDescriptor.lambda$testInstancesProvider$5(ClassBasedTestDescriptor.java:271)
	at org.junit.jupiter.engine.execution.TestInstancesProvider.getTestInstances(TestInstancesProvider.java:31)
	at org.junit.jupiter.engine.descriptor.TestMethodTestDescriptor.lambda$prepare$0(TestMethodTestDescriptor.java:102)
	at org.junit.platform.engine.support.hierarchical.ThrowableCollector.execute(ThrowableCollector.java:73)
	at org.junit.jupiter.engine.descriptor.TestMethodTestDescriptor.prepare(TestMethodTestDescriptor.java:101)
	at org.junit.jupiter.engine.descriptor.TestMethodTestDescriptor.prepare(TestMethodTestDescriptor.java:66)
	at org.junit.platform.engine.support.hierarchical.NodeTestTask.lambda$prepare$2(NodeTestTask.java:123)
	at org.junit.platform.engine.support.hierarchical.ThrowableCollector.execute(ThrowableCollector.java:73)
	at org.junit.platform.engine.support.hierarchical.NodeTestTask.prepare(NodeTestTask.java:123)
	at org.junit.platform.engine.support.hierarchical.NodeTestTask.execute(NodeTestTask.java:90)
	at java.util.ArrayList.forEach(ArrayList.java:1259)
	at org.junit.platform.engine.support.hierarchical.SameThreadHierarchicalTestExecutorService.invokeAll(SameThreadHierarchicalTestExecutorService.java:41)
	at org.junit.platform.engine.support.hierarchical.NodeTestTask.lambda$executeRecursively$6(NodeTestTask.java:155)
	at org.junit.platform.engine.support.hierarchical.ThrowableCollector.execute(ThrowableCollector.java:73)
	at org.junit.platform.engine.support.hierarchical.NodeTestTask.lambda$executeRecursively$8(NodeTestTask.java:141)
	at org.junit.platform.engine.support.hierarchical.Node.around(Node.java:137)
	at org.junit.platform.engine.support.hierarchical.NodeTestTask.lambda$executeRecursively$9(NodeTestTask.java:139)
	at org.junit.platform.engine.support.hierarchical.ThrowableCollector.execute(ThrowableCollector.java:73)
	at org.junit.platform.engine.support.hierarchical.NodeTestTask.executeRecursively(NodeTestTask.java:138)
	at org.junit.platform.engine.support.hierarchical.NodeTestTask.execute(NodeTestTask.java:95)
	at java.util.ArrayList.forEach(ArrayList.java:1259)
	at org.junit.platform.engine.support.hierarchical.SameThreadHierarchicalTestExecutorService.invokeAll(SameThreadHierarchicalTestExecutorService.java:41)
	at org.junit.platform.engine.support.hierarchical.NodeTestTask.lambda$executeRecursively$6(NodeTestTask.java:155)
	at org.junit.platform.engine.support.hierarchical.ThrowableCollector.execute(ThrowableCollector.java:73)
	at org.junit.platform.engine.support.hierarchical.NodeTestTask.lambda$executeRecursively$8(NodeTestTask.java:141)
	at org.junit.platform.engine.support.hierarchical.Node.around(Node.java:137)
	at org.junit.platform.engine.support.hierarchical.NodeTestTask.lambda$executeRecursively$9(NodeTestTask.java:139)
	at org.junit.platform.engine.support.hierarchical.ThrowableCollector.execute(ThrowableCollector.java:73)
	at org.junit.platform.engine.support.hierarchical.NodeTestTask.executeRecursively(NodeTestTask.java:138)
	at org.junit.platform.engine.support.hierarchical.NodeTestTask.execute(NodeTestTask.java:95)
	at org.junit.platform.engine.support.hierarchical.SameThreadHierarchicalTestExecutorService.submit(SameThreadHierarchicalTestExecutorService.java:35)
	at org.junit.platform.engine.support.hierarchical.HierarchicalTestExecutor.execute(HierarchicalTestExecutor.java:57)
	at org.junit.platform.engine.support.hierarchical.HierarchicalTestEngine.execute(HierarchicalTestEngine.java:54)
	at org.junit.platform.launcher.core.EngineExecutionOrchestrator.execute(EngineExecutionOrchestrator.java:107)
	at org.junit.platform.launcher.core.EngineExecutionOrchestrator.execute(EngineExecutionOrchestrator.java:88)
	at org.junit.platform.launcher.core.EngineExecutionOrchestrator.lambda$execute$0(EngineExecutionOrchestrator.java:54)
	at org.junit.platform.launcher.core.EngineExecutionOrchestrator.withInterceptedStreams(EngineExecutionOrchestrator.java:67)
	at org.junit.platform.launcher.core.EngineExecutionOrchestrator.execute(EngineExecutionOrchestrator.java:52)
	at org.junit.platform.launcher.core.DefaultLauncher.execute(DefaultLauncher.java:114)
	at org.junit.platform.launcher.core.DefaultLauncher.execute(DefaultLauncher.java:86)
	at org.junit.platform.launcher.core.DefaultLauncherSession$DelegatingLauncher.execute(DefaultLauncherSession.java:86)
	at org.junit.platform.launcher.core.SessionPerRequestLauncher.execute(SessionPerRequestLauncher.java:53)
	at com.intellij.junit5.JUnit5IdeaTestRunner.startRunnerWithArgs(JUnit5IdeaTestRunner.java:69)
	at com.intellij.rt.junit.IdeaTestRunner$Repeater.startRunnerWithArgs(IdeaTestRunner.java:33)
	at com.intellij.rt.junit.JUnitStarter.prepareStreamsAndStart(JUnitStarter.java:230)
	at com.intellij.rt.junit.JUnitStarter.main(JUnitStarter.java:58)
[31m2024-04-05 15:01:38,260[0;39m [32m[INFO][0;39m com.zaxxer.hikari.HikariDataSource SpringApplicationShutdownHook [32mHikariPool-1 - Shutdown initiated...
[0;39m[31m2024-04-05 15:01:38,272[0;39m [32m[INFO][0;39m com.zaxxer.hikari.HikariDataSource SpringApplicationShutdownHook [32mHikariPool-1 - Shutdown completed.
[0;39m[31m2024-04-05 15:02:05,831[0;39m [32m[INFO][0;39m com.paymentdao.payment.DAOTesting main [32mStarting DAOTesting using Java 1.8.0_292 on WPF45D05X with PID 19028 (started by xxsjjjjs in C:\DLTE-JAVA-FULL-STACK-SANATHKUMARSJ-2024\DLTE-PROJECT\PAYMENT_DAO)
[0;39m[31m2024-04-05 15:02:05,831[0;39m [32m[INFO][0;39m com.paymentdao.payment.DAOTesting main [32mNo active profile set, falling back to 1 default profile: "default"
[0;39m[31m2024-04-05 15:02:06,651[0;39m [32m[INFO][0;39m org.springframework.data.repository.config.RepositoryConfigurationDelegate main [32mBootstrapping Spring Data JDBC repositories in DEFAULT mode.
[0;39m[31m2024-04-05 15:02:06,667[0;39m [32m[INFO][0;39m org.springframework.data.repository.config.RepositoryConfigurationDelegate main [32mFinished Spring Data repository scanning in 10 ms. Found 0 JDBC repository interfaces.
[0;39m[31m2024-04-05 15:02:09,047[0;39m [32m[INFO][0;39m com.zaxxer.hikari.HikariDataSource main [32mHikariPool-1 - Starting...
[0;39m[31m2024-04-05 15:02:09,047[0;39m [32m[WARN][0;39m com.zaxxer.hikari.util.DriverDataSource main [32mRegistered driver with driverClassName=oracle.jdbc.driver.OracleDriver was not found, trying direct instantiation.
[0;39m[31m2024-04-05 15:02:09,505[0;39m [32m[INFO][0;39m com.zaxxer.hikari.pool.PoolBase main [32mHikariPool-1 - Driver does not support get/set network timeout for connections. (oracle.jdbc.driver.T4CConnection.getNetworkTimeout()I)
[0;39m[31m2024-04-05 15:02:09,505[0;39m [32m[INFO][0;39m com.zaxxer.hikari.HikariDataSource main [32mHikariPool-1 - Start completed.
[0;39m[31m2024-04-05 15:02:09,737[0;39m [32m[INFO][0;39m com.paymentdao.payment.DAOTesting main [32mStarted DAOTesting in 4.402 seconds (JVM running for 5.977)
[0;39m[31m2024-04-05 15:02:10,560[0;39m [32m[INFO][0;39m ROOT main [32mPayee found with given account number
[0;39m[31m2024-04-05 15:02:10,607[0;39m [32m[INFO][0;39m com.zaxxer.hikari.HikariDataSource SpringApplicationShutdownHook [32mHikariPool-1 - Shutdown initiated...
[0;39m[31m2024-04-05 15:02:10,621[0;39m [32m[INFO][0;39m com.zaxxer.hikari.HikariDataSource SpringApplicationShutdownHook [32mHikariPool-1 - Shutdown completed.
[0;39m[31m2024-04-05 15:03:24,854[0;39m [32m[INFO][0;39m com.paymentdao.payment.DAOTesting main [32mStarting DAOTesting using Java 1.8.0_292 on WPF45D05X with PID 12448 (started by xxsjjjjs in C:\DLTE-JAVA-FULL-STACK-SANATHKUMARSJ-2024\DLTE-PROJECT\PAYMENT_DAO)
[0;39m[31m2024-04-05 15:03:24,854[0;39m [32m[INFO][0;39m com.paymentdao.payment.DAOTesting main [32mNo active profile set, falling back to 1 default profile: "default"
[0;39m[31m2024-04-05 15:03:25,738[0;39m [32m[INFO][0;39m org.springframework.data.repository.config.RepositoryConfigurationDelegate main [32mBootstrapping Spring Data JDBC repositories in DEFAULT mode.
[0;39m[31m2024-04-05 15:03:25,753[0;39m [32m[INFO][0;39m org.springframework.data.repository.config.RepositoryConfigurationDelegate main [32mFinished Spring Data repository scanning in 9 ms. Found 0 JDBC repository interfaces.
[0;39m[31m2024-04-05 15:03:28,210[0;39m [32m[INFO][0;39m com.zaxxer.hikari.HikariDataSource main [32mHikariPool-1 - Starting...
[0;39m[31m2024-04-05 15:03:28,210[0;39m [32m[WARN][0;39m com.zaxxer.hikari.util.DriverDataSource main [32mRegistered driver with driverClassName=oracle.jdbc.driver.OracleDriver was not found, trying direct instantiation.
[0;39m[31m2024-04-05 15:03:28,668[0;39m [32m[INFO][0;39m com.zaxxer.hikari.pool.PoolBase main [32mHikariPool-1 - Driver does not support get/set network timeout for connections. (oracle.jdbc.driver.T4CConnection.getNetworkTimeout()I)
[0;39m[31m2024-04-05 15:03:28,668[0;39m [32m[INFO][0;39m com.zaxxer.hikari.HikariDataSource main [32mHikariPool-1 - Start completed.
[0;39m[31m2024-04-05 15:03:28,889[0;39m [32m[INFO][0;39m com.paymentdao.payment.DAOTesting main [32mStarted DAOTesting in 4.573 seconds (JVM running for 6.073)
[0;39m[31m2024-04-05 15:03:29,771[0;39m [32m[INFO][0;39m ROOT main [32mPayee found with given account number
[0;39m[31m2024-04-05 15:03:29,818[0;39m [32m[INFO][0;39m com.zaxxer.hikari.HikariDataSource SpringApplicationShutdownHook [32mHikariPool-1 - Shutdown initiated...
[0;39m[31m2024-04-05 15:03:29,828[0;39m [32m[INFO][0;39m com.zaxxer.hikari.HikariDataSource SpringApplicationShutdownHook [32mHikariPool-1 - Shutdown completed.
[0;39m[31m2024-04-05 15:03:58,809[0;39m [32m[INFO][0;39m com.paymentdao.payment.DAOTesting main [32mStarting DAOTesting using Java 1.8.0_292 on WPF45D05X with PID 21148 (started by xxsjjjjs in C:\DLTE-JAVA-FULL-STACK-SANATHKUMARSJ-2024\DLTE-PROJECT\PAYMENT_DAO)
[0;39m[31m2024-04-05 15:03:58,830[0;39m [32m[INFO][0;39m com.paymentdao.payment.DAOTesting main [32mNo active profile set, falling back to 1 default profile: "default"
[0;39m[31m2024-04-05 15:03:59,650[0;39m [32m[INFO][0;39m org.springframework.data.repository.config.RepositoryConfigurationDelegate main [32mBootstrapping Spring Data JDBC repositories in DEFAULT mode.
[0;39m[31m2024-04-05 15:03:59,665[0;39m [32m[INFO][0;39m org.springframework.data.repository.config.RepositoryConfigurationDelegate main [32mFinished Spring Data repository scanning in 10 ms. Found 0 JDBC repository interfaces.
[0;39m[31m2024-04-05 15:04:02,152[0;39m [32m[INFO][0;39m com.zaxxer.hikari.HikariDataSource main [32mHikariPool-1 - Starting...
[0;39m[31m2024-04-05 15:04:02,171[0;39m [32m[WARN][0;39m com.zaxxer.hikari.util.DriverDataSource main [32mRegistered driver with driverClassName=oracle.jdbc.driver.OracleDriver was not found, trying direct instantiation.
[0;39m[31m2024-04-05 15:04:02,546[0;39m [32m[INFO][0;39m com.zaxxer.hikari.pool.PoolBase main [32mHikariPool-1 - Driver does not support get/set network timeout for connections. (oracle.jdbc.driver.T4CConnection.getNetworkTimeout()I)
[0;39m[31m2024-04-05 15:04:02,546[0;39m [32m[INFO][0;39m com.zaxxer.hikari.HikariDataSource main [32mHikariPool-1 - Start completed.
[0;39m[31m2024-04-05 15:04:02,755[0;39m [32m[INFO][0;39m com.paymentdao.payment.DAOTesting main [32mStarted DAOTesting in 4.403 seconds (JVM running for 5.934)
[0;39m[31m2024-04-05 15:04:03,634[0;39m [32m[INFO][0;39m ROOT main [32mPayee found with given account number
[0;39m[31m2024-04-05 15:04:03,665[0;39m [32m[INFO][0;39m com.zaxxer.hikari.HikariDataSource SpringApplicationShutdownHook [32mHikariPool-1 - Shutdown initiated...
[0;39m[31m2024-04-05 15:04:03,692[0;39m [32m[INFO][0;39m com.zaxxer.hikari.HikariDataSource SpringApplicationShutdownHook [32mHikariPool-1 - Shutdown completed.
[0;39m[31m2024-04-05 15:04:41,521[0;39m [32m[INFO][0;39m com.paymentdao.payment.DAOTesting main [32mStarting DAOTesting using Java 1.8.0_292 on WPF45D05X with PID 20744 (started by xxsjjjjs in C:\DLTE-JAVA-FULL-STACK-SANATHKUMARSJ-2024\DLTE-PROJECT\PAYMENT_DAO)
[0;39m[31m2024-04-05 15:04:41,521[0;39m [32m[INFO][0;39m com.paymentdao.payment.DAOTesting main [32mNo active profile set, falling back to 1 default profile: "default"
[0;39m[31m2024-04-05 15:04:42,325[0;39m [32m[INFO][0;39m org.springframework.data.repository.config.RepositoryConfigurationDelegate main [32mBootstrapping Spring Data JDBC repositories in DEFAULT mode.
[0;39m[31m2024-04-05 15:04:42,341[0;39m [32m[INFO][0;39m org.springframework.data.repository.config.RepositoryConfigurationDelegate main [32mFinished Spring Data repository scanning in 8 ms. Found 0 JDBC repository interfaces.
[0;39m[31m2024-04-05 15:04:44,721[0;39m [32m[INFO][0;39m com.zaxxer.hikari.HikariDataSource main [32mHikariPool-1 - Starting...
[0;39m[31m2024-04-05 15:04:44,721[0;39m [32m[WARN][0;39m com.zaxxer.hikari.util.DriverDataSource main [32mRegistered driver with driverClassName=oracle.jdbc.driver.OracleDriver was not found, trying direct instantiation.
[0;39m[31m2024-04-05 15:04:45,187[0;39m [32m[INFO][0;39m com.zaxxer.hikari.pool.PoolBase main [32mHikariPool-1 - Driver does not support get/set network timeout for connections. (oracle.jdbc.driver.T4CConnection.getNetworkTimeout()I)
[0;39m[31m2024-04-05 15:04:45,194[0;39m [32m[INFO][0;39m com.zaxxer.hikari.HikariDataSource main [32mHikariPool-1 - Start completed.
[0;39m[31m2024-04-05 15:04:45,459[0;39m [32m[INFO][0;39m com.paymentdao.payment.DAOTesting main [32mStarted DAOTesting in 4.421 seconds (JVM running for 5.93)
[0;39m[31m2024-04-05 15:04:46,344[0;39m [32m[INFO][0;39m ROOT main [32mNo payee found with given account number ->
[0;39m[31m2024-04-05 15:04:46,390[0;39m [32m[INFO][0;39m com.zaxxer.hikari.HikariDataSource SpringApplicationShutdownHook [32mHikariPool-1 - Shutdown initiated...
[0;39m[31m2024-04-05 15:04:46,402[0;39m [32m[INFO][0;39m com.zaxxer.hikari.HikariDataSource SpringApplicationShutdownHook [32mHikariPool-1 - Shutdown completed.
[0;39m[31m2024-04-05 15:05:08,034[0;39m [32m[INFO][0;39m com.paymentdao.payment.DAOTesting main [32mStarting DAOTesting using Java 1.8.0_292 on WPF45D05X with PID 9336 (started by xxsjjjjs in C:\DLTE-JAVA-FULL-STACK-SANATHKUMARSJ-2024\DLTE-PROJECT\PAYMENT_DAO)
[0;39m[31m2024-04-05 15:05:08,034[0;39m [32m[INFO][0;39m com.paymentdao.payment.DAOTesting main [32mNo active profile set, falling back to 1 default profile: "default"
[0;39m[31m2024-04-05 15:05:08,912[0;39m [32m[INFO][0;39m org.springframework.data.repository.config.RepositoryConfigurationDelegate main [32mBootstrapping Spring Data JDBC repositories in DEFAULT mode.
[0;39m[31m2024-04-05 15:05:08,928[0;39m [32m[INFO][0;39m org.springframework.data.repository.config.RepositoryConfigurationDelegate main [32mFinished Spring Data repository scanning in 8 ms. Found 0 JDBC repository interfaces.
[0;39m[31m2024-04-05 15:05:11,444[0;39m [32m[INFO][0;39m com.zaxxer.hikari.HikariDataSource main [32mHikariPool-1 - Starting...
[0;39m[31m2024-04-05 15:05:11,457[0;39m [32m[WARN][0;39m com.zaxxer.hikari.util.DriverDataSource main [32mRegistered driver with driverClassName=oracle.jdbc.driver.OracleDriver was not found, trying direct instantiation.
[0;39m[31m2024-04-05 15:05:11,831[0;39m [32m[INFO][0;39m com.zaxxer.hikari.pool.PoolBase main [32mHikariPool-1 - Driver does not support get/set network timeout for connections. (oracle.jdbc.driver.T4CConnection.getNetworkTimeout()I)
[0;39m[31m2024-04-05 15:05:11,832[0;39m [32m[INFO][0;39m com.zaxxer.hikari.HikariDataSource main [32mHikariPool-1 - Start completed.
[0;39m[31m2024-04-05 15:05:12,039[0;39m [32m[INFO][0;39m com.paymentdao.payment.DAOTesting main [32mStarted DAOTesting in 4.463 seconds (JVM running for 5.994)
[0;39m[31m2024-04-05 15:05:12,870[0;39m [32m[INFO][0;39m ROOT main [32mPayee found with given account number
[0;39m[31m2024-04-05 15:05:12,902[0;39m [32m[INFO][0;39m com.zaxxer.hikari.HikariDataSource SpringApplicationShutdownHook [32mHikariPool-1 - Shutdown initiated...
[0;39m[31m2024-04-05 15:05:12,922[0;39m [32m[INFO][0;39m com.zaxxer.hikari.HikariDataSource SpringApplicationShutdownHook [32mHikariPool-1 - Shutdown completed.
[0;39m[31m2024-04-05 15:23:33,299[0;39m [32m[INFO][0;39m com.paymentdao.payment.DAOTesting main [32mStarting DAOTesting using Java 1.8.0_292 on WPF45D05X with PID 20980 (started by xxsjjjjs in C:\DLTE-JAVA-FULL-STACK-SANATHKUMARSJ-2024\DLTE-PROJECT\PAYMENT_DAO)
[0;39m[31m2024-04-05 15:23:33,299[0;39m [32m[INFO][0;39m com.paymentdao.payment.DAOTesting main [32mNo active profile set, falling back to 1 default profile: "default"
[0;39m[31m2024-04-05 15:23:34,121[0;39m [32m[INFO][0;39m org.springframework.data.repository.config.RepositoryConfigurationDelegate main [32mBootstrapping Spring Data JDBC repositories in DEFAULT mode.
[0;39m[31m2024-04-05 15:23:34,136[0;39m [32m[INFO][0;39m org.springframework.data.repository.config.RepositoryConfigurationDelegate main [32mFinished Spring Data repository scanning in 11 ms. Found 0 JDBC repository interfaces.
[0;39m[31m2024-04-05 15:23:36,693[0;39m [32m[INFO][0;39m com.zaxxer.hikari.HikariDataSource main [32mHikariPool-1 - Starting...
[0;39m[31m2024-04-05 15:23:36,693[0;39m [32m[WARN][0;39m com.zaxxer.hikari.util.DriverDataSource main [32mRegistered driver with driverClassName=oracle.jdbc.driver.OracleDriver was not found, trying direct instantiation.
[0;39m[31m2024-04-05 15:23:37,120[0;39m [32m[INFO][0;39m com.zaxxer.hikari.pool.PoolBase main [32mHikariPool-1 - Driver does not support get/set network timeout for connections. (oracle.jdbc.driver.T4CConnection.getNetworkTimeout()I)
[0;39m[31m2024-04-05 15:23:37,120[0;39m [32m[INFO][0;39m com.zaxxer.hikari.HikariDataSource main [32mHikariPool-1 - Start completed.
[0;39m[31m2024-04-05 15:23:37,326[0;39m [32m[INFO][0;39m com.paymentdao.payment.DAOTesting main [32mStarted DAOTesting in 4.461 seconds (JVM running for 5.986)
[0;39m[31m2024-04-05 15:23:38,223[0;39m [32m[INFO][0;39m ROOT main [32mPayee found with given account number
[0;39m[31m2024-04-05 15:23:38,270[0;39m [32m[INFO][0;39m com.zaxxer.hikari.HikariDataSource SpringApplicationShutdownHook [32mHikariPool-1 - Shutdown initiated...
[0;39m[31m2024-04-05 15:23:38,291[0;39m [32m[INFO][0;39m com.zaxxer.hikari.HikariDataSource SpringApplicationShutdownHook [32mHikariPool-1 - Shutdown completed.
[0;39m[31m2024-04-05 15:30:28,561[0;39m [32m[INFO][0;39m com.paymentdao.payment.DAOTesting main [32mStarting DAOTesting using Java 1.8.0_292 on WPF45D05X with PID 7060 (started by xxsjjjjs in C:\DLTE-JAVA-FULL-STACK-SANATHKUMARSJ-2024\DLTE-PROJECT\PAYMENT_DAO)
[0;39m[31m2024-04-05 15:30:28,561[0;39m [32m[INFO][0;39m com.paymentdao.payment.DAOTesting main [32mNo active profile set, falling back to 1 default profile: "default"
[0;39m[31m2024-04-05 15:30:29,857[0;39m [32m[INFO][0;39m org.springframework.data.repository.config.RepositoryConfigurationDelegate main [32mBootstrapping Spring Data JDBC repositories in DEFAULT mode.
[0;39m[31m2024-04-05 15:30:29,881[0;39m [32m[INFO][0;39m org.springframework.data.repository.config.RepositoryConfigurationDelegate main [32mFinished Spring Data repository scanning in 12 ms. Found 0 JDBC repository interfaces.
[0;39m[31m2024-04-05 15:30:30,282[0;39m [32m[INFO][0;39m com.paymentdao.payment.DAOTesting main [32mStarting DAOTesting using Java 1.8.0_292 on WPF45D05X with PID 16572 (started by xxsjjjjs in C:\DLTE-JAVA-FULL-STACK-SANATHKUMARSJ-2024\DLTE-PROJECT\PAYMENT_DAO)
[0;39m[31m2024-04-05 15:30:30,327[0;39m [32m[INFO][0;39m com.paymentdao.payment.DAOTesting main [32mNo active profile set, falling back to 1 default profile: "default"
[0;39m[31m2024-04-05 15:30:33,605[0;39m [32m[INFO][0;39m org.springframework.data.repository.config.RepositoryConfigurationDelegate main [32mBootstrapping Spring Data JDBC repositories in DEFAULT mode.
[0;39m[31m2024-04-05 15:30:33,681[0;39m [32m[INFO][0;39m org.springframework.data.repository.config.RepositoryConfigurationDelegate main [32mFinished Spring Data repository scanning in 55 ms. Found 0 JDBC repository interfaces.
[0;39m[31m2024-04-05 15:30:35,899[0;39m [32m[INFO][0;39m com.zaxxer.hikari.HikariDataSource main [32mHikariPool-1 - Starting...
[0;39m[31m2024-04-05 15:30:35,917[0;39m [32m[WARN][0;39m com.zaxxer.hikari.util.DriverDataSource main [32mRegistered driver with driverClassName=oracle.jdbc.driver.OracleDriver was not found, trying direct instantiation.
[0;39m[31m2024-04-05 15:30:38,763[0;39m [32m[INFO][0;39m com.zaxxer.hikari.pool.PoolBase main [32mHikariPool-1 - Driver does not support get/set network timeout for connections. (oracle.jdbc.driver.T4CConnection.getNetworkTimeout()I)
[0;39m[31m2024-04-05 15:30:38,771[0;39m [32m[INFO][0;39m com.zaxxer.hikari.HikariDataSource main [32mHikariPool-1 - Start completed.
[0;39m[31m2024-04-05 15:30:40,501[0;39m [32m[INFO][0;39m com.paymentdao.payment.DAOTesting main [32mStarted DAOTesting in 12.765 seconds (JVM running for 14.925)
[0;39m[31m2024-04-05 15:30:43,450[0;39m [32m[INFO][0;39m ROOT main [32mPayee found with given account number
[0;39m[31m2024-04-05 15:30:44,083[0;39m [32m[INFO][0;39m com.zaxxer.hikari.HikariDataSource SpringApplicationShutdownHook [32mHikariPool-1 - Shutdown initiated...
[0;39m[31m2024-04-05 15:30:45,591[0;39m [32m[INFO][0;39m com.zaxxer.hikari.HikariDataSource SpringApplicationShutdownHook [32mHikariPool-1 - Shutdown completed.
[0;39m[31m2024-04-05 15:30:49,561[0;39m [32m[INFO][0;39m com.zaxxer.hikari.HikariDataSource main [32mHikariPool-1 - Starting...
[0;39m[31m2024-04-05 15:30:49,593[0;39m [32m[WARN][0;39m com.zaxxer.hikari.util.DriverDataSource main [32mRegistered driver with driverClassName=oracle.jdbc.driver.OracleDriver was not found, trying direct instantiation.
[0;39m[31m2024-04-05 15:30:51,385[0;39m [32m[INFO][0;39m com.zaxxer.hikari.pool.PoolBase main [32mHikariPool-1 - Driver does not support get/set network timeout for connections. (oracle.jdbc.driver.T4CConnection.getNetworkTimeout()I)
[0;39m[31m2024-04-05 15:30:51,408[0;39m [32m[INFO][0;39m com.zaxxer.hikari.HikariDataSource main [32mHikariPool-1 - Start completed.
[0;39m[31m2024-04-05 15:30:52,053[0;39m [32m[INFO][0;39m com.paymentdao.payment.DAOTesting main [32mStarted DAOTesting in 23.066 seconds (JVM running for 28.718)
[0;39m[31m2024-04-05 15:30:52,069[0;39m [32m[INFO][0;39m com.zaxxer.hikari.HikariDataSource SpringApplicationShutdownHook [32mHikariPool-1 - Shutdown initiated...
[0;39m[31m2024-04-05 15:30:52,634[0;39m [32m[INFO][0;39m com.zaxxer.hikari.HikariDataSource SpringApplicationShutdownHook [32mHikariPool-1 - Shutdown completed.
[0;39m[31m2024-04-05 15:31:04,586[0;39m [32m[INFO][0;39m com.paymentdao.payment.DAOTesting main [32mStarting DAOTesting using Java 1.8.0_292 on WPF45D05X with PID 4084 (started by xxsjjjjs in C:\DLTE-JAVA-FULL-STACK-SANATHKUMARSJ-2024\DLTE-PROJECT\PAYMENT_DAO)
[0;39m[31m2024-04-05 15:31:04,599[0;39m [32m[INFO][0;39m com.paymentdao.payment.DAOTesting main [32mNo active profile set, falling back to 1 default profile: "default"
[0;39m[31m2024-04-05 15:31:06,914[0;39m [32m[INFO][0;39m org.springframework.data.repository.config.RepositoryConfigurationDelegate main [32mBootstrapping Spring Data JDBC repositories in DEFAULT mode.
[0;39m[31m2024-04-05 15:31:06,939[0;39m [32m[INFO][0;39m org.springframework.data.repository.config.RepositoryConfigurationDelegate main [32mFinished Spring Data repository scanning in 22 ms. Found 0 JDBC repository interfaces.
[0;39m[31m2024-04-05 15:31:12,451[0;39m [32m[INFO][0;39m com.zaxxer.hikari.HikariDataSource main [32mHikariPool-1 - Starting...
[0;39m[31m2024-04-05 15:31:12,469[0;39m [32m[WARN][0;39m com.zaxxer.hikari.util.DriverDataSource main [32mRegistered driver with driverClassName=oracle.jdbc.driver.OracleDriver was not found, trying direct instantiation.
[0;39m[31m2024-04-05 15:31:13,382[0;39m [32m[INFO][0;39m com.zaxxer.hikari.pool.PoolBase main [32mHikariPool-1 - Driver does not support get/set network timeout for connections. (oracle.jdbc.driver.T4CConnection.getNetworkTimeout()I)
[0;39m[31m2024-04-05 15:31:13,382[0;39m [32m[INFO][0;39m com.zaxxer.hikari.HikariDataSource main [32mHikariPool-1 - Start completed.
[0;39m[31m2024-04-05 15:31:13,871[0;39m [32m[INFO][0;39m com.paymentdao.payment.DAOTesting main [32mStarted DAOTesting in 10.714 seconds (JVM running for 14.288)
[0;39m[31m2024-04-05 15:31:16,045[0;39m [32m[INFO][0;39m ROOT main [32mPayee found with given account number
[0;39m[31m2024-04-05 15:31:16,134[0;39m [32m[INFO][0;39m com.zaxxer.hikari.HikariDataSource SpringApplicationShutdownHook [32mHikariPool-1 - Shutdown initiated...
[0;39m[31m2024-04-05 15:31:16,158[0;39m [32m[INFO][0;39m com.zaxxer.hikari.HikariDataSource SpringApplicationShutdownHook [32mHikariPool-1 - Shutdown completed.
[0;39m[31m2024-04-05 15:37:13,495[0;39m [32m[INFO][0;39m com.paymentdao.payment.DAOTesting main [32mStarting DAOTesting using Java 1.8.0_292 on WPF45D05X with PID 15992 (started by xxsjjjjs in C:\DLTE-JAVA-FULL-STACK-SANATHKUMARSJ-2024\DLTE-PROJECT\PAYMENT_DAO)
[0;39m[31m2024-04-05 15:37:13,495[0;39m [32m[INFO][0;39m com.paymentdao.payment.DAOTesting main [32mNo active profile set, falling back to 1 default profile: "default"
[0;39m[31m2024-04-05 15:37:14,345[0;39m [32m[INFO][0;39m org.springframework.data.repository.config.RepositoryConfigurationDelegate main [32mBootstrapping Spring Data JDBC repositories in DEFAULT mode.
[0;39m[31m2024-04-05 15:37:14,360[0;39m [32m[INFO][0;39m org.springframework.data.repository.config.RepositoryConfigurationDelegate main [32mFinished Spring Data repository scanning in 12 ms. Found 0 JDBC repository interfaces.
[0;39m[31m2024-04-05 15:37:16,974[0;39m [32m[INFO][0;39m com.zaxxer.hikari.HikariDataSource main [32mHikariPool-1 - Starting...
[0;39m[31m2024-04-05 15:37:16,989[0;39m [32m[WARN][0;39m com.zaxxer.hikari.util.DriverDataSource main [32mRegistered driver with driverClassName=oracle.jdbc.driver.OracleDriver was not found, trying direct instantiation.
[0;39m[31m2024-04-05 15:37:17,357[0;39m [32m[INFO][0;39m com.zaxxer.hikari.pool.PoolBase main [32mHikariPool-1 - Driver does not support get/set network timeout for connections. (oracle.jdbc.driver.T4CConnection.getNetworkTimeout()I)
[0;39m[31m2024-04-05 15:37:17,373[0;39m [32m[INFO][0;39m com.zaxxer.hikari.HikariDataSource main [32mHikariPool-1 - Start completed.
[0;39m[31m2024-04-05 15:37:17,610[0;39m [32m[INFO][0;39m com.paymentdao.payment.DAOTesting main [32mStarted DAOTesting in 4.548 seconds (JVM running for 6.161)
[0;39m[31m2024-04-05 15:37:18,714[0;39m [32m[INFO][0;39m ROOT main [32mPayee found with given account number
[0;39m[31m2024-04-05 15:37:18,777[0;39m [32m[INFO][0;39m com.zaxxer.hikari.HikariDataSource SpringApplicationShutdownHook [32mHikariPool-1 - Shutdown initiated...
[0;39m[31m2024-04-05 15:37:18,788[0;39m [32m[INFO][0;39m com.zaxxer.hikari.HikariDataSource SpringApplicationShutdownHook [32mHikariPool-1 - Shutdown completed.
[0;39m[31m2024-04-05 15:40:57,110[0;39m [32m[INFO][0;39m com.paymentdao.payment.DAOTesting main [32mStarting DAOTesting using Java 1.8.0_292 on WPF45D05X with PID 772 (started by xxsjjjjs in C:\DLTE-JAVA-FULL-STACK-SANATHKUMARSJ-2024\DLTE-PROJECT\PAYMENT_DAO)
[0;39m[31m2024-04-05 15:40:57,110[0;39m [32m[INFO][0;39m com.paymentdao.payment.DAOTesting main [32mNo active profile set, falling back to 1 default profile: "default"
[0;39m[31m2024-04-05 15:40:58,134[0;39m [32m[INFO][0;39m org.springframework.data.repository.config.RepositoryConfigurationDelegate main [32mBootstrapping Spring Data JDBC repositories in DEFAULT mode.
[0;39m[31m2024-04-05 15:40:58,149[0;39m [32m[INFO][0;39m org.springframework.data.repository.config.RepositoryConfigurationDelegate main [32mFinished Spring Data repository scanning in 8 ms. Found 0 JDBC repository interfaces.
[0;39m[31m2024-04-05 15:41:00,521[0;39m [32m[INFO][0;39m com.zaxxer.hikari.HikariDataSource main [32mHikariPool-1 - Starting...
[0;39m[31m2024-04-05 15:41:00,525[0;39m [32m[WARN][0;39m com.zaxxer.hikari.util.DriverDataSource main [32mRegistered driver with driverClassName=oracle.jdbc.driver.OracleDriver was not found, trying direct instantiation.
[0;39m[31m2024-04-05 15:41:00,873[0;39m [32m[INFO][0;39m com.zaxxer.hikari.pool.PoolBase main [32mHikariPool-1 - Driver does not support get/set network timeout for connections. (oracle.jdbc.driver.T4CConnection.getNetworkTimeout()I)
[0;39m[31m2024-04-05 15:41:00,889[0;39m [32m[INFO][0;39m com.zaxxer.hikari.HikariDataSource main [32mHikariPool-1 - Start completed.
[0;39m[31m2024-04-05 15:41:01,093[0;39m [32m[INFO][0;39m com.paymentdao.payment.DAOTesting main [32mStarted DAOTesting in 4.484 seconds (JVM running for 6.534)
[0;39m[31m2024-04-05 15:41:01,976[0;39m [32m[INFO][0;39m ROOT main [32mPayee found with given account number
[0;39m[31m2024-04-05 15:41:02,010[0;39m [32m[INFO][0;39m com.zaxxer.hikari.HikariDataSource SpringApplicationShutdownHook [32mHikariPool-1 - Shutdown initiated...
[0;39m[31m2024-04-05 15:41:02,024[0;39m [32m[INFO][0;39m com.zaxxer.hikari.HikariDataSource SpringApplicationShutdownHook [32mHikariPool-1 - Shutdown completed.
[0;39m[31m2024-04-05 15:41:34,379[0;39m [32m[INFO][0;39m com.paymentdao.payment.DAOTesting main [32mStarting DAOTesting using Java 1.8.0_292 on WPF45D05X with PID 19660 (started by xxsjjjjs in C:\DLTE-JAVA-FULL-STACK-SANATHKUMARSJ-2024\DLTE-PROJECT\PAYMENT_DAO)
[0;39m[31m2024-04-05 15:41:34,379[0;39m [32m[INFO][0;39m com.paymentdao.payment.DAOTesting main [32mNo active profile set, falling back to 1 default profile: "default"
[0;39m[31m2024-04-05 15:41:35,238[0;39m [32m[INFO][0;39m org.springframework.data.repository.config.RepositoryConfigurationDelegate main [32mBootstrapping Spring Data JDBC repositories in DEFAULT mode.
[0;39m[31m2024-04-05 15:41:35,253[0;39m [32m[INFO][0;39m org.springframework.data.repository.config.RepositoryConfigurationDelegate main [32mFinished Spring Data repository scanning in 8 ms. Found 0 JDBC repository interfaces.
[0;39m[31m2024-04-05 15:41:37,727[0;39m [32m[INFO][0;39m com.zaxxer.hikari.HikariDataSource main [32mHikariPool-1 - Starting...
[0;39m[31m2024-04-05 15:41:37,742[0;39m [32m[WARN][0;39m com.zaxxer.hikari.util.DriverDataSource main [32mRegistered driver with driverClassName=oracle.jdbc.driver.OracleDriver was not found, trying direct instantiation.
[0;39m[31m2024-04-05 15:41:38,152[0;39m [32m[INFO][0;39m com.zaxxer.hikari.pool.PoolBase main [32mHikariPool-1 - Driver does not support get/set network timeout for connections. (oracle.jdbc.driver.T4CConnection.getNetworkTimeout()I)
[0;39m[31m2024-04-05 15:41:38,152[0;39m [32m[INFO][0;39m com.zaxxer.hikari.HikariDataSource main [32mHikariPool-1 - Start completed.
[0;39m[31m2024-04-05 15:41:38,341[0;39m [32m[INFO][0;39m com.paymentdao.payment.DAOTesting main [32mStarted DAOTesting in 4.488 seconds (JVM running for 5.945)
[0;39m[31m2024-04-05 15:41:39,223[0;39m [32m[INFO][0;39m ROOT main [32mPayee found with given account number
[0;39m[31m2024-04-05 15:41:39,270[0;39m [32m[INFO][0;39m com.zaxxer.hikari.HikariDataSource SpringApplicationShutdownHook [32mHikariPool-1 - Shutdown initiated...
[0;39m[31m2024-04-05 15:41:39,286[0;39m [32m[INFO][0;39m com.zaxxer.hikari.HikariDataSource SpringApplicationShutdownHook [32mHikariPool-1 - Shutdown completed.
[0;39m[31m2024-04-05 15:58:09,048[0;39m [32m[INFO][0;39m com.paymentdao.payment.DAOTesting main [32mStarting DAOTesting using Java 1.8.0_292 on WPF45D05X with PID 12452 (started by xxsjjjjs in C:\DLTE-JAVA-FULL-STACK-SANATHKUMARSJ-2024\DLTE-PROJECT\PAYMENT_DAO)
[0;39m[31m2024-04-05 15:58:09,048[0;39m [32m[INFO][0;39m com.paymentdao.payment.DAOTesting main [32mNo active profile set, falling back to 1 default profile: "default"
[0;39m[31m2024-04-05 15:58:09,918[0;39m [32m[INFO][0;39m org.springframework.data.repository.config.RepositoryConfigurationDelegate main [32mBootstrapping Spring Data JDBC repositories in DEFAULT mode.
[0;39m[31m2024-04-05 15:58:09,942[0;39m [32m[INFO][0;39m org.springframework.data.repository.config.RepositoryConfigurationDelegate main [32mFinished Spring Data repository scanning in 8 ms. Found 0 JDBC repository interfaces.
[0;39m[31m2024-04-05 15:58:12,248[0;39m [32m[INFO][0;39m com.zaxxer.hikari.HikariDataSource main [32mHikariPool-1 - Starting...
[0;39m[31m2024-04-05 15:58:12,248[0;39m [32m[WARN][0;39m com.zaxxer.hikari.util.DriverDataSource main [32mRegistered driver with driverClassName=oracle.jdbc.driver.OracleDriver was not found, trying direct instantiation.
[0;39m[31m2024-04-05 15:58:12,626[0;39m [32m[INFO][0;39m com.zaxxer.hikari.pool.PoolBase main [32mHikariPool-1 - Driver does not support get/set network timeout for connections. (oracle.jdbc.driver.T4CConnection.getNetworkTimeout()I)
[0;39m[31m2024-04-05 15:58:12,626[0;39m [32m[INFO][0;39m com.zaxxer.hikari.HikariDataSource main [32mHikariPool-1 - Start completed.
[0;39m[31m2024-04-05 15:58:12,832[0;39m [32m[INFO][0;39m com.paymentdao.payment.DAOTesting main [32mStarted DAOTesting in 4.276 seconds (JVM running for 5.838)
[0;39m[31m2024-04-05 15:58:13,714[0;39m [32m[INFO][0;39m com.paymentdao.payment.service.PaymentTransferImplementation main [32mPayee found with given account number
[0;39m[31m2024-04-05 15:58:13,761[0;39m [32m[INFO][0;39m com.zaxxer.hikari.HikariDataSource SpringApplicationShutdownHook [32mHikariPool-1 - Shutdown initiated...
[0;39m[31m2024-04-05 15:58:13,785[0;39m [32m[INFO][0;39m com.zaxxer.hikari.HikariDataSource SpringApplicationShutdownHook [32mHikariPool-1 - Shutdown completed.
[0;39m[31m2024-04-05 16:02:10,410[0;39m [32m[INFO][0;39m com.paymentdao.payment.DAOTesting main [32mStarting DAOTesting using Java 1.8.0_292 on WPF45D05X with PID 22188 (started by xxsjjjjs in C:\DLTE-JAVA-FULL-STACK-SANATHKUMARSJ-2024\DLTE-PROJECT\PAYMENT_DAO)
[0;39m[31m2024-04-05 16:02:10,410[0;39m [32m[INFO][0;39m com.paymentdao.payment.DAOTesting main [32mNo active profile set, falling back to 1 default profile: "default"
[0;39m[31m2024-04-05 16:02:11,244[0;39m [32m[INFO][0;39m org.springframework.data.repository.config.RepositoryConfigurationDelegate main [32mBootstrapping Spring Data JDBC repositories in DEFAULT mode.
[0;39m[31m2024-04-05 16:02:11,259[0;39m [32m[INFO][0;39m org.springframework.data.repository.config.RepositoryConfigurationDelegate main [32mFinished Spring Data repository scanning in 8 ms. Found 0 JDBC repository interfaces.
[0;39m[31m2024-04-05 16:02:13,731[0;39m [32m[INFO][0;39m com.zaxxer.hikari.HikariDataSource main [32mHikariPool-1 - Starting...
[0;39m[31m2024-04-05 16:02:13,746[0;39m [32m[WARN][0;39m com.zaxxer.hikari.util.DriverDataSource main [32mRegistered driver with driverClassName=oracle.jdbc.driver.OracleDriver was not found, trying direct instantiation.
[0;39m[31m2024-04-05 16:02:14,094[0;39m [32m[INFO][0;39m com.zaxxer.hikari.pool.PoolBase main [32mHikariPool-1 - Driver does not support get/set network timeout for connections. (oracle.jdbc.driver.T4CConnection.getNetworkTimeout()I)
[0;39m[31m2024-04-05 16:02:14,095[0;39m [32m[INFO][0;39m com.zaxxer.hikari.HikariDataSource main [32mHikariPool-1 - Start completed.
[0;39m[31m2024-04-05 16:02:14,315[0;39m [32m[INFO][0;39m com.paymentdao.payment.DAOTesting main [32mStarted DAOTesting in 4.44 seconds (JVM running for 6.044)
[0;39m[31m2024-04-05 16:02:15,183[0;39m [32m[INFO][0;39m com.paymentdao.payment.service.PaymentTransferImplementation main [32mPayee found with given account number
[0;39m[31m2024-04-05 16:02:15,230[0;39m [32m[INFO][0;39m com.zaxxer.hikari.HikariDataSource SpringApplicationShutdownHook [32mHikariPool-1 - Shutdown initiated...
[0;39m[31m2024-04-05 16:02:15,243[0;39m [32m[INFO][0;39m com.zaxxer.hikari.HikariDataSource SpringApplicationShutdownHook [32mHikariPool-1 - Shutdown completed.
[0;39m[31m2024-04-05 16:02:45,261[0;39m [32m[INFO][0;39m com.paymentdao.payment.DAOTesting main [32mStarting DAOTesting using Java 1.8.0_292 on WPF45D05X with PID 13252 (started by xxsjjjjs in C:\DLTE-JAVA-FULL-STACK-SANATHKUMARSJ-2024\DLTE-PROJECT\PAYMENT_DAO)
[0;39m[31m2024-04-05 16:02:45,261[0;39m [32m[INFO][0;39m com.paymentdao.payment.DAOTesting main [32mNo active profile set, falling back to 1 default profile: "default"
[0;39m[31m2024-04-05 16:02:46,123[0;39m [32m[INFO][0;39m org.springframework.data.repository.config.RepositoryConfigurationDelegate main [32mBootstrapping Spring Data JDBC repositories in DEFAULT mode.
[0;39m[31m2024-04-05 16:02:46,139[0;39m [32m[INFO][0;39m org.springframework.data.repository.config.RepositoryConfigurationDelegate main [32mFinished Spring Data repository scanning in 9 ms. Found 0 JDBC repository interfaces.
[0;39m[31m2024-04-05 16:02:48,933[0;39m [32m[INFO][0;39m com.zaxxer.hikari.HikariDataSource main [32mHikariPool-1 - Starting...
[0;39m[31m2024-04-05 16:02:48,933[0;39m [32m[WARN][0;39m com.zaxxer.hikari.util.DriverDataSource main [32mRegistered driver with driverClassName=oracle.jdbc.driver.OracleDriver was not found, trying direct instantiation.
[0;39m[31m2024-04-05 16:02:49,394[0;39m [32m[INFO][0;39m com.zaxxer.hikari.pool.PoolBase main [32mHikariPool-1 - Driver does not support get/set network timeout for connections. (oracle.jdbc.driver.T4CConnection.getNetworkTimeout()I)
[0;39m[31m2024-04-05 16:02:49,394[0;39m [32m[INFO][0;39m com.zaxxer.hikari.HikariDataSource main [32mHikariPool-1 - Start completed.
[0;39m[31m2024-04-05 16:02:49,599[0;39m [32m[INFO][0;39m com.paymentdao.payment.DAOTesting main [32mStarted DAOTesting in 4.839 seconds (JVM running for 6.622)
[0;39m[31m2024-04-05 16:02:50,515[0;39m [32m[INFO][0;39m com.paymentdao.payment.service.PaymentTransferImplementation main [32mPayee found with given account number
[0;39m[31m2024-04-05 16:02:50,546[0;39m [32m[INFO][0;39m com.zaxxer.hikari.HikariDataSource SpringApplicationShutdownHook [32mHikariPool-1 - Shutdown initiated...
[0;39m[31m2024-04-05 16:02:50,570[0;39m [32m[INFO][0;39m com.zaxxer.hikari.HikariDataSource SpringApplicationShutdownHook [32mHikariPool-1 - Shutdown completed.
[0;39m[31m2024-04-05 16:04:43,265[0;39m [32m[INFO][0;39m com.paymentdao.payment.DAOTesting main [32mStarting DAOTesting using Java 1.8.0_292 on WPF45D05X with PID 19412 (started by xxsjjjjs in C:\DLTE-JAVA-FULL-STACK-SANATHKUMARSJ-2024\DLTE-PROJECT\PAYMENT_DAO)
[0;39m[31m2024-04-05 16:04:43,265[0;39m [32m[INFO][0;39m com.paymentdao.payment.DAOTesting main [32mNo active profile set, falling back to 1 default profile: "default"
[0;39m[31m2024-04-05 16:04:44,085[0;39m [32m[INFO][0;39m org.springframework.data.repository.config.RepositoryConfigurationDelegate main [32mBootstrapping Spring Data JDBC repositories in DEFAULT mode.
[0;39m[31m2024-04-05 16:04:44,101[0;39m [32m[INFO][0;39m org.springframework.data.repository.config.RepositoryConfigurationDelegate main [32mFinished Spring Data repository scanning in 8 ms. Found 0 JDBC repository interfaces.
[0;39m[31m2024-04-05 16:04:46,424[0;39m [32m[INFO][0;39m com.zaxxer.hikari.HikariDataSource main [32mHikariPool-1 - Starting...
[0;39m[31m2024-04-05 16:04:46,424[0;39m [32m[WARN][0;39m com.zaxxer.hikari.util.DriverDataSource main [32mRegistered driver with driverClassName=oracle.jdbc.driver.OracleDriver was not found, trying direct instantiation.
[0;39m[31m2024-04-05 16:04:46,834[0;39m [32m[INFO][0;39m com.zaxxer.hikari.pool.PoolBase main [32mHikariPool-1 - Driver does not support get/set network timeout for connections. (oracle.jdbc.driver.T4CConnection.getNetworkTimeout()I)
[0;39m[31m2024-04-05 16:04:46,834[0;39m [32m[INFO][0;39m com.zaxxer.hikari.HikariDataSource main [32mHikariPool-1 - Start completed.
[0;39m[31m2024-04-05 16:04:47,082[0;39m [32m[INFO][0;39m com.paymentdao.payment.DAOTesting main [32mStarted DAOTesting in 4.304 seconds (JVM running for 5.719)
[0;39m[31m2024-04-05 16:04:47,957[0;39m [32m[INFO][0;39m com.paymentdao.payment.service.PaymentTransferImplementation main [32mPayee found with given account number
[0;39m[31m2024-04-05 16:04:47,972[0;39m [32m[INFO][0;39m com.paymentdao.payment.service.PaymentTransferImplementation main [32mPayee found with given account number
[0;39m[31m2024-04-05 16:04:48,003[0;39m [32m[INFO][0;39m com.paymentdao.payment.service.PaymentTransferImplementation main [32mPayee found with given account number
[0;39m[31m2024-04-05 16:04:48,020[0;39m [32m[INFO][0;39m com.zaxxer.hikari.HikariDataSource SpringApplicationShutdownHook [32mHikariPool-1 - Shutdown initiated...
[0;39m[31m2024-04-05 16:04:48,037[0;39m [32m[INFO][0;39m com.zaxxer.hikari.HikariDataSource SpringApplicationShutdownHook [32mHikariPool-1 - Shutdown completed.
[0;39m