11:59:44.805 [34m[main][0;39m INFO  org.project1.Employee_DB - [34mEmployee Details saved[0;39m 
12:02:40.882 [34m[main][0;39m INFO  org.project1.Employee_DB - [34mEmployee Details saved[0;39m 
12:02:40.882 [34m[main][0;39m INFO  org.employee.console.EmployeeFile - [34mEmployee details saved successfully[0;39m 
12:12:55.670 [34m[main][0;39m INFO  org.project1.Employee_DB - [34mEmployee Details saved[0;39m 
12:13:24.780 [34m[main][0;39m INFO  org.project1.Employee_DB - [34mEmployee Details saved[0;39m 
12:38:00.947 [31m[main][0;39m WARN  org.employee.console.EmployeeFile - [31mInvalid Username, Re-enter[0;39m 
23:04:12.720 [34m[main][0;39m INFO  org.project1.EmployeeDB - [34mEmployee Details saved[0;39m 
23:11:57.323 [34m[main][0;39m INFO  org.project1.EmployeeDB - [34mEmployee Details saved[0;39m 
23:11:57.395 [34m[main][0;39m INFO  org.employee.console.EmployeeFile - [34mEmployee details saved successfully[0;39m 
23:14:09.553 [34m[main][0;39m INFO  org.project1.EmployeeDB - [34mEmployee Details saved[0;39m 
23:14:09.600 [34m[main][0;39m INFO  org.project1.EmployeeDB - [34mEmployee Details saved[0;39m 
23:14:09.634 [34m[main][0;39m INFO  org.project1.EmployeeDB - [34mEmployee Details saved[0;39m 
23:14:09.634 [34m[main][0;39m INFO  org.employee.console.EmployeeFile - [34mEmployee details saved successfully[0;39m 
00:36:06.284 [31m[main][0;39m WARN  org.employee.console.EmployeeFile - [31mInvalid Username, Re-enter[0;39m 
12:48:21.464 [31m[main][0;39m WARN  org.employee.console.EmployeeFile - [31mInvalid Username, Re-enter[0;39m 
13:58:47.295 [34m[main][0;39m INFO  o.employee.console.EmployeeConsole - [34mdata is successfully collected[0;39m 
14:12:51.219 [34m[main][0;39m INFO  o.employee.console.EmployeeConsole - [34mdata is successfully collected[0;39m 
14:18:08.077 [34m[main][0;39m INFO  o.employee.console.EmployeeConsole - [34mdata is successfully collected[0;39m 
14:19:52.357 [34m[main][0;39m INFO  o.employee.console.EmployeeConsole - [34mdata is successfully collected[0;39m 
14:19:52.357 [34m[main][0;39m INFO  org.backend.App - [34muser id validation failed[0;39m 
14:29:47.486 [34m[main][0;39m INFO  o.employee.console.EmployeeConsole - [34mdata is successfully collected[0;39m 
14:33:39.645 [34m[main][0;39m INFO  o.employee.console.EmployeeConsole - [34mdata is successfully collected[0;39m 
14:46:11.179 [34m[main][0;39m INFO  o.employee.console.EmployeeConsole - [34mdata is successfully collected[0;39m 
14:49:01.773 [34m[main][0;39m INFO  o.employee.console.EmployeeConsole - [34mdata is successfully collected[0;39m 
14:51:34.317 [34m[main][0;39m INFO  o.employee.console.EmployeeConsole - [34mdata is successfully collected[0;39m 
14:51:34.711 [34m[main][0;39m INFO  org.backend.EmployeeDB - [34memployee details added [0;39m 
15:56:27.304 [34m[main][0;39m INFO  o.employee.console.EmployeeConsole - [34memployee details fetched[0;39m 
15:59:37.208 [34m[main][0;39m INFO  o.employee.console.EmployeeConsole - [34memployee details fetched[0;39m 
16:01:01.727 [34m[main][0;39m INFO  o.employee.console.EmployeeConsole - [34memployee details fetched[0;39m 
16:02:48.545 [34m[main][0;39m INFO  o.employee.console.EmployeeConsole - [34memployee details fetched[0;39m 
16:05:45.934 [34m[main][0;39m INFO  o.employee.console.EmployeeConsole - [34memployee details fetched[0;39m 
